[2025-12-14T23:14:55.007+0000] {local_task_job_runner.py:120} INFO - ::group::Pre task execution logs
[2025-12-14T23:14:55.033+0000] {taskinstance.py:2076} INFO - Dependencies all met for dep_context=non-requeueable deps ti=<TaskInstance: etl_clima_movilidad.transform_data manual__2025-12-14T23:14:46.767261+00:00 [queued]>
[2025-12-14T23:14:55.041+0000] {taskinstance.py:2076} INFO - Dependencies all met for dep_context=requeueable deps ti=<TaskInstance: etl_clima_movilidad.transform_data manual__2025-12-14T23:14:46.767261+00:00 [queued]>
[2025-12-14T23:14:55.042+0000] {taskinstance.py:2306} INFO - Starting attempt 1 of 2
[2025-12-14T23:14:55.053+0000] {taskinstance.py:2330} INFO - Executing <Task(PythonOperator): transform_data> on 2025-12-14 23:14:46.767261+00:00
[2025-12-14T23:14:55.067+0000] {standard_task_runner.py:90} INFO - Running: ['***', 'tasks', 'run', 'etl_clima_movilidad', 'transform_data', 'manual__2025-12-14T23:14:46.767261+00:00', '--job-id', '114', '--raw', '--subdir', 'DAGS_FOLDER/Dagetl.py', '--cfg-path', '/tmp/tmpba9neg2c']
[2025-12-14T23:14:55.070+0000] {logging_mixin.py:188} WARNING - /home/***/.local/lib/python3.12/site-packages/***/task/task_runner/standard_task_runner.py:61 DeprecationWarning: This process (pid=46) is multi-threaded, use of fork() may lead to deadlocks in the child.
[2025-12-14T23:14:55.071+0000] {standard_task_runner.py:91} INFO - Job 114: Subtask transform_data
[2025-12-14T23:14:55.071+0000] {standard_task_runner.py:63} INFO - Started process 59 to run task
[2025-12-14T23:14:55.138+0000] {task_command.py:426} INFO - Running <TaskInstance: etl_clima_movilidad.transform_data manual__2025-12-14T23:14:46.767261+00:00 [running]> on host 2b89330dc68f
[2025-12-14T23:14:55.220+0000] {taskinstance.py:2648} INFO - Exporting env vars: AIRFLOW_CTX_DAG_OWNER='matias' AIRFLOW_CTX_DAG_ID='etl_clima_movilidad' AIRFLOW_CTX_TASK_ID='transform_data' AIRFLOW_CTX_EXECUTION_DATE='2025-12-14T23:14:46.767261+00:00' AIRFLOW_CTX_TRY_NUMBER='1' AIRFLOW_CTX_DAG_RUN_ID='manual__2025-12-14T23:14:46.767261+00:00'
[2025-12-14T23:14:55.221+0000] {taskinstance.py:430} INFO - ::endgroup::
[2025-12-14T23:14:55.231+0000] {logging_mixin.py:188} INFO - === INICIANDO TRANSFORMACIÓN ===
[2025-12-14T23:14:55.376+0000] {logging_mixin.py:188} INFO - Bucket 'processed' encontrado.
[2025-12-14T23:14:55.384+0000] {logging_mixin.py:188} INFO - Procesando archivo: weather_raw_20251214_231451.json
[2025-12-14T23:14:55.403+0000] {logging_mixin.py:188} INFO - Datos listos. Filas: 168
[2025-12-14T23:14:55.423+0000] {logging_mixin.py:188} INFO - ¡ÉXITO! Archivo subido a processed/weather_mobility_processed.csv
[2025-12-14T23:14:55.424+0000] {python.py:237} INFO - Done. Returned value was: None
[2025-12-14T23:14:55.425+0000] {taskinstance.py:441} INFO - ::group::Post task execution logs
[2025-12-14T23:14:55.436+0000] {taskinstance.py:1206} INFO - Marking task as SUCCESS. dag_id=etl_clima_movilidad, task_id=transform_data, run_id=manual__2025-12-14T23:14:46.767261+00:00, execution_date=20251214T231446, start_date=20251214T231455, end_date=20251214T231455
[2025-12-14T23:14:55.486+0000] {local_task_job_runner.py:240} INFO - Task exited with return code 0
[2025-12-14T23:14:55.505+0000] {taskinstance.py:3498} INFO - 1 downstream tasks scheduled from follow-on schedule check
[2025-12-14T23:14:55.509+0000] {local_task_job_runner.py:222} INFO - ::endgroup::
