[2025-12-03T13:19:55.626+0000] {local_task_job_runner.py:120} INFO - ::group::Pre task execution logs
[2025-12-03T13:19:55.654+0000] {taskinstance.py:2076} INFO - Dependencies all met for dep_context=non-requeueable deps ti=<TaskInstance: etl_clima_movilidad.extract_weather manual__2025-12-03T13:19:51.530535+00:00 [queued]>
[2025-12-03T13:19:55.661+0000] {taskinstance.py:2076} INFO - Dependencies all met for dep_context=requeueable deps ti=<TaskInstance: etl_clima_movilidad.extract_weather manual__2025-12-03T13:19:51.530535+00:00 [queued]>
[2025-12-03T13:19:55.662+0000] {taskinstance.py:2306} INFO - Starting attempt 1 of 2
[2025-12-03T13:19:55.676+0000] {taskinstance.py:2330} INFO - Executing <Task(BashOperator): extract_weather> on 2025-12-03 13:19:51.530535+00:00
[2025-12-03T13:19:55.682+0000] {standard_task_runner.py:63} INFO - Started process 108 to run task
[2025-12-03T13:19:55.688+0000] {standard_task_runner.py:90} INFO - Running: ['***', 'tasks', 'run', 'etl_clima_movilidad', 'extract_weather', 'manual__2025-12-03T13:19:51.530535+00:00', '--job-id', '7', '--raw', '--subdir', 'DAGS_FOLDER/Dagetl.py', '--cfg-path', '/tmp/tmprgdk7rc2']
[2025-12-03T13:19:55.695+0000] {standard_task_runner.py:91} INFO - Job 7: Subtask extract_weather
[2025-12-03T13:19:55.923+0000] {task_command.py:426} INFO - Running <TaskInstance: etl_clima_movilidad.extract_weather manual__2025-12-03T13:19:51.530535+00:00 [running]> on host d463fe83c919
[2025-12-03T13:19:56.097+0000] {taskinstance.py:2648} INFO - Exporting env vars: AIRFLOW_CTX_DAG_OWNER='matias' AIRFLOW_CTX_DAG_ID='etl_clima_movilidad' AIRFLOW_CTX_TASK_ID='extract_weather' AIRFLOW_CTX_EXECUTION_DATE='2025-12-03T13:19:51.530535+00:00' AIRFLOW_CTX_TRY_NUMBER='1' AIRFLOW_CTX_DAG_RUN_ID='manual__2025-12-03T13:19:51.530535+00:00'
[2025-12-03T13:19:56.099+0000] {taskinstance.py:430} INFO - ::endgroup::
[2025-12-03T13:19:56.110+0000] {subprocess.py:63} INFO - Tmp dir root location: /tmp
[2025-12-03T13:19:56.112+0000] {subprocess.py:75} INFO - Running command: ['/usr/bin/bash', '-c', 'python /opt/***/src/extract/extract_openmeteo.py']
[2025-12-03T13:19:56.127+0000] {subprocess.py:86} INFO - Output:
[2025-12-03T13:19:56.247+0000] {subprocess.py:93} INFO - python: can't open file '/opt/***/src/extract/extract_openmeteo.py': [Errno 2] No such file or directory
[2025-12-03T13:19:56.250+0000] {subprocess.py:97} INFO - Command exited with return code 2
[2025-12-03T13:19:56.252+0000] {taskinstance.py:441} INFO - ::group::Post task execution logs
[2025-12-03T13:19:56.283+0000] {taskinstance.py:2905} ERROR - Task failed with exception
Traceback (most recent call last):
  File "/home/airflow/.local/lib/python3.12/site-packages/airflow/models/taskinstance.py", line 465, in _execute_task
    result = _execute_callable(context=context, **execute_callable_kwargs)
             ^^^^^^^^^^^^^^^^^^^^^^^^^^^^^^^^^^^^^^^^^^^^^^^^^^^^^^^^^^^^^
  File "/home/airflow/.local/lib/python3.12/site-packages/airflow/models/taskinstance.py", line 432, in _execute_callable
    return execute_callable(context=context, **execute_callable_kwargs)
           ^^^^^^^^^^^^^^^^^^^^^^^^^^^^^^^^^^^^^^^^^^^^^^^^^^^^^^^^^^^^
  File "/home/airflow/.local/lib/python3.12/site-packages/airflow/models/baseoperator.py", line 400, in wrapper
    return func(self, *args, **kwargs)
           ^^^^^^^^^^^^^^^^^^^^^^^^^^^
  File "/home/airflow/.local/lib/python3.12/site-packages/airflow/operators/bash.py", line 243, in execute
    raise AirflowException(
airflow.exceptions.AirflowException: Bash command failed. The command returned a non-zero exit code 2.
[2025-12-03T13:19:56.292+0000] {taskinstance.py:1206} INFO - Marking task as UP_FOR_RETRY. dag_id=etl_clima_movilidad, task_id=extract_weather, run_id=manual__2025-12-03T13:19:51.530535+00:00, execution_date=20251203T131951, start_date=20251203T131955, end_date=20251203T131956
[2025-12-03T13:19:56.306+0000] {standard_task_runner.py:110} ERROR - Failed to execute job 7 for task extract_weather (Bash command failed. The command returned a non-zero exit code 2.; 108)
[2025-12-03T13:19:56.344+0000] {local_task_job_runner.py:240} INFO - Task exited with return code 1
[2025-12-03T13:19:56.369+0000] {taskinstance.py:3498} INFO - 0 downstream tasks scheduled from follow-on schedule check
[2025-12-03T13:19:56.371+0000] {local_task_job_runner.py:222} INFO - ::endgroup::
