[2025-12-03T13:16:29.423+0000] {local_task_job_runner.py:120} INFO - ::group::Pre task execution logs
[2025-12-03T13:16:29.447+0000] {taskinstance.py:2076} INFO - Dependencies all met for dep_context=non-requeueable deps ti=<TaskInstance: etl_clima_movilidad.extract_weather manual__2025-12-03T13:16:26.580777+00:00 [queued]>
[2025-12-03T13:16:29.453+0000] {taskinstance.py:2076} INFO - Dependencies all met for dep_context=requeueable deps ti=<TaskInstance: etl_clima_movilidad.extract_weather manual__2025-12-03T13:16:26.580777+00:00 [queued]>
[2025-12-03T13:16:29.453+0000] {taskinstance.py:2306} INFO - Starting attempt 1 of 2
[2025-12-03T13:16:29.463+0000] {taskinstance.py:2330} INFO - Executing <Task(BashOperator): extract_weather> on 2025-12-03 13:16:26.580777+00:00
[2025-12-03T13:16:29.469+0000] {standard_task_runner.py:63} INFO - Started process 73 to run task
[2025-12-03T13:16:29.472+0000] {standard_task_runner.py:90} INFO - Running: ['***', 'tasks', 'run', 'etl_clima_movilidad', 'extract_weather', 'manual__2025-12-03T13:16:26.580777+00:00', '--job-id', '5', '--raw', '--subdir', 'DAGS_FOLDER/Dagetl.py', '--cfg-path', '/tmp/tmp3gey20fz']
[2025-12-03T13:16:29.475+0000] {standard_task_runner.py:91} INFO - Job 5: Subtask extract_weather
[2025-12-03T13:16:29.544+0000] {task_command.py:426} INFO - Running <TaskInstance: etl_clima_movilidad.extract_weather manual__2025-12-03T13:16:26.580777+00:00 [running]> on host d463fe83c919
[2025-12-03T13:16:29.621+0000] {taskinstance.py:2648} INFO - Exporting env vars: AIRFLOW_CTX_DAG_OWNER='matias' AIRFLOW_CTX_DAG_ID='etl_clima_movilidad' AIRFLOW_CTX_TASK_ID='extract_weather' AIRFLOW_CTX_EXECUTION_DATE='2025-12-03T13:16:26.580777+00:00' AIRFLOW_CTX_TRY_NUMBER='1' AIRFLOW_CTX_DAG_RUN_ID='manual__2025-12-03T13:16:26.580777+00:00'
[2025-12-03T13:16:29.621+0000] {taskinstance.py:430} INFO - ::endgroup::
[2025-12-03T13:16:29.633+0000] {subprocess.py:63} INFO - Tmp dir root location: /tmp
[2025-12-03T13:16:29.634+0000] {subprocess.py:75} INFO - Running command: ['/usr/bin/bash', '-c', 'python /opt/***/src/extract/extract_openmeteo.py']
[2025-12-03T13:16:29.645+0000] {subprocess.py:86} INFO - Output:
[2025-12-03T13:16:29.700+0000] {subprocess.py:93} INFO - python: can't open file '/opt/***/src/extract/extract_openmeteo.py': [Errno 2] No such file or directory
[2025-12-03T13:16:29.704+0000] {subprocess.py:97} INFO - Command exited with return code 2
[2025-12-03T13:16:29.704+0000] {taskinstance.py:441} INFO - ::group::Post task execution logs
[2025-12-03T13:16:29.715+0000] {taskinstance.py:2905} ERROR - Task failed with exception
Traceback (most recent call last):
  File "/home/airflow/.local/lib/python3.12/site-packages/airflow/models/taskinstance.py", line 465, in _execute_task
    result = _execute_callable(context=context, **execute_callable_kwargs)
             ^^^^^^^^^^^^^^^^^^^^^^^^^^^^^^^^^^^^^^^^^^^^^^^^^^^^^^^^^^^^^
  File "/home/airflow/.local/lib/python3.12/site-packages/airflow/models/taskinstance.py", line 432, in _execute_callable
    return execute_callable(context=context, **execute_callable_kwargs)
           ^^^^^^^^^^^^^^^^^^^^^^^^^^^^^^^^^^^^^^^^^^^^^^^^^^^^^^^^^^^^
  File "/home/airflow/.local/lib/python3.12/site-packages/airflow/models/baseoperator.py", line 400, in wrapper
    return func(self, *args, **kwargs)
           ^^^^^^^^^^^^^^^^^^^^^^^^^^^
  File "/home/airflow/.local/lib/python3.12/site-packages/airflow/operators/bash.py", line 243, in execute
    raise AirflowException(
airflow.exceptions.AirflowException: Bash command failed. The command returned a non-zero exit code 2.
[2025-12-03T13:16:29.720+0000] {taskinstance.py:1206} INFO - Marking task as UP_FOR_RETRY. dag_id=etl_clima_movilidad, task_id=extract_weather, run_id=manual__2025-12-03T13:16:26.580777+00:00, execution_date=20251203T131626, start_date=20251203T131629, end_date=20251203T131629
[2025-12-03T13:16:29.729+0000] {standard_task_runner.py:110} ERROR - Failed to execute job 5 for task extract_weather (Bash command failed. The command returned a non-zero exit code 2.; 73)
[2025-12-03T13:16:29.766+0000] {local_task_job_runner.py:240} INFO - Task exited with return code 1
[2025-12-03T13:16:29.787+0000] {taskinstance.py:3498} INFO - 0 downstream tasks scheduled from follow-on schedule check
[2025-12-03T13:16:29.790+0000] {local_task_job_runner.py:222} INFO - ::endgroup::
