[2025-12-14T23:08:36.391+0000] {local_task_job_runner.py:120} INFO - ::group::Pre task execution logs
[2025-12-14T23:08:36.418+0000] {taskinstance.py:2076} INFO - Dependencies all met for dep_context=non-requeueable deps ti=<TaskInstance: etl_clima_movilidad.transform_data manual__2025-12-14T23:08:25.343931+00:00 [queued]>
[2025-12-14T23:08:36.424+0000] {taskinstance.py:2076} INFO - Dependencies all met for dep_context=requeueable deps ti=<TaskInstance: etl_clima_movilidad.transform_data manual__2025-12-14T23:08:25.343931+00:00 [queued]>
[2025-12-14T23:08:36.424+0000] {taskinstance.py:2306} INFO - Starting attempt 1 of 2
[2025-12-14T23:08:36.435+0000] {taskinstance.py:2330} INFO - Executing <Task(PythonOperator): transform_data> on 2025-12-14 23:08:25.343931+00:00
[2025-12-14T23:08:36.447+0000] {standard_task_runner.py:90} INFO - Running: ['***', 'tasks', 'run', 'etl_clima_movilidad', 'transform_data', 'manual__2025-12-14T23:08:25.343931+00:00', '--job-id', '109', '--raw', '--subdir', 'DAGS_FOLDER/Dagetl.py', '--cfg-path', '/tmp/tmpxf1lqk_k']
[2025-12-14T23:08:36.451+0000] {logging_mixin.py:188} WARNING - /home/***/.local/lib/python3.12/site-packages/***/task/task_runner/standard_task_runner.py:61 DeprecationWarning: This process (pid=46) is multi-threaded, use of fork() may lead to deadlocks in the child.
[2025-12-14T23:08:36.451+0000] {standard_task_runner.py:91} INFO - Job 109: Subtask transform_data
[2025-12-14T23:08:36.452+0000] {standard_task_runner.py:63} INFO - Started process 59 to run task
[2025-12-14T23:08:36.521+0000] {task_command.py:426} INFO - Running <TaskInstance: etl_clima_movilidad.transform_data manual__2025-12-14T23:08:25.343931+00:00 [running]> on host 2b89330dc68f
[2025-12-14T23:08:36.610+0000] {taskinstance.py:2648} INFO - Exporting env vars: AIRFLOW_CTX_DAG_OWNER='matias' AIRFLOW_CTX_DAG_ID='etl_clima_movilidad' AIRFLOW_CTX_TASK_ID='transform_data' AIRFLOW_CTX_EXECUTION_DATE='2025-12-14T23:08:25.343931+00:00' AIRFLOW_CTX_TRY_NUMBER='1' AIRFLOW_CTX_DAG_RUN_ID='manual__2025-12-14T23:08:25.343931+00:00'
[2025-12-14T23:08:36.611+0000] {taskinstance.py:430} INFO - ::endgroup::
[2025-12-14T23:08:36.622+0000] {logging_mixin.py:188} INFO - === INICIANDO TRANSFORMACIÓN ===
[2025-12-14T23:08:36.833+0000] {logging_mixin.py:188} INFO - Bucket 'processed' encontrado.
[2025-12-14T23:08:36.856+0000] {logging_mixin.py:188} INFO - Procesando archivo: weather_raw_20251214_230832.json
[2025-12-14T23:08:36.883+0000] {logging_mixin.py:188} INFO - Datos listos. Filas: 168
[2025-12-14T23:08:36.909+0000] {logging_mixin.py:188} INFO - ¡ÉXITO! Archivo subido a processed/weather_mobility_processed.csv
[2025-12-14T23:08:36.910+0000] {python.py:237} INFO - Done. Returned value was: None
[2025-12-14T23:08:36.910+0000] {taskinstance.py:441} INFO - ::group::Post task execution logs
[2025-12-14T23:08:36.930+0000] {taskinstance.py:1206} INFO - Marking task as SUCCESS. dag_id=etl_clima_movilidad, task_id=transform_data, run_id=manual__2025-12-14T23:08:25.343931+00:00, execution_date=20251214T230825, start_date=20251214T230836, end_date=20251214T230836
[2025-12-14T23:08:36.987+0000] {local_task_job_runner.py:240} INFO - Task exited with return code 0
[2025-12-14T23:08:37.006+0000] {taskinstance.py:3498} INFO - 1 downstream tasks scheduled from follow-on schedule check
[2025-12-14T23:08:37.009+0000] {local_task_job_runner.py:222} INFO - ::endgroup::
