[2025-12-14T22:34:31.974+0000] {local_task_job_runner.py:120} INFO - ::group::Pre task execution logs
[2025-12-14T22:34:31.999+0000] {taskinstance.py:2076} INFO - Dependencies all met for dep_context=non-requeueable deps ti=<TaskInstance: etl_clima_movilidad.transform_data manual__2025-12-14T22:34:20.821687+00:00 [queued]>
[2025-12-14T22:34:32.005+0000] {taskinstance.py:2076} INFO - Dependencies all met for dep_context=requeueable deps ti=<TaskInstance: etl_clima_movilidad.transform_data manual__2025-12-14T22:34:20.821687+00:00 [queued]>
[2025-12-14T22:34:32.006+0000] {taskinstance.py:2306} INFO - Starting attempt 1 of 2
[2025-12-14T22:34:32.016+0000] {taskinstance.py:2330} INFO - Executing <Task(PythonOperator): transform_data> on 2025-12-14 22:34:20.821687+00:00
[2025-12-14T22:34:32.029+0000] {standard_task_runner.py:90} INFO - Running: ['***', 'tasks', 'run', 'etl_clima_movilidad', 'transform_data', 'manual__2025-12-14T22:34:20.821687+00:00', '--job-id', '96', '--raw', '--subdir', 'DAGS_FOLDER/Dagetl.py', '--cfg-path', '/tmp/tmpsjtk9rf5']
[2025-12-14T22:34:32.032+0000] {standard_task_runner.py:91} INFO - Job 96: Subtask transform_data
[2025-12-14T22:34:32.032+0000] {logging_mixin.py:188} WARNING - /home/***/.local/lib/python3.12/site-packages/***/task/task_runner/standard_task_runner.py:61 DeprecationWarning: This process (pid=50) is multi-threaded, use of fork() may lead to deadlocks in the child.
[2025-12-14T22:34:32.033+0000] {standard_task_runner.py:63} INFO - Started process 63 to run task
[2025-12-14T22:34:32.101+0000] {task_command.py:426} INFO - Running <TaskInstance: etl_clima_movilidad.transform_data manual__2025-12-14T22:34:20.821687+00:00 [running]> on host 1a6a322288ba
[2025-12-14T22:34:32.179+0000] {taskinstance.py:2648} INFO - Exporting env vars: AIRFLOW_CTX_DAG_OWNER='matias' AIRFLOW_CTX_DAG_ID='etl_clima_movilidad' AIRFLOW_CTX_TASK_ID='transform_data' AIRFLOW_CTX_EXECUTION_DATE='2025-12-14T22:34:20.821687+00:00' AIRFLOW_CTX_TRY_NUMBER='1' AIRFLOW_CTX_DAG_RUN_ID='manual__2025-12-14T22:34:20.821687+00:00'
[2025-12-14T22:34:32.180+0000] {taskinstance.py:430} INFO - ::endgroup::
[2025-12-14T22:34:32.191+0000] {logging_mixin.py:188} INFO - === INICIANDO TRANSFORMACIÓN ===
[2025-12-14T22:34:32.363+0000] {logging_mixin.py:188} INFO - Bucket 'processed' no existe. Creándolo ahora...
[2025-12-14T22:34:32.377+0000] {logging_mixin.py:188} INFO - Bucket 'processed' creado exitosamente.
[2025-12-14T22:34:32.401+0000] {logging_mixin.py:188} INFO - Procesando archivo: weather_raw_20251214_223428.json
[2025-12-14T22:34:32.426+0000] {logging_mixin.py:188} INFO - Datos listos. Filas: 168
[2025-12-14T22:34:32.459+0000] {logging_mixin.py:188} INFO - ¡ÉXITO! Archivo subido a processed/weather_mobility_processed.csv
[2025-12-14T22:34:32.460+0000] {python.py:237} INFO - Done. Returned value was: None
[2025-12-14T22:34:32.460+0000] {taskinstance.py:441} INFO - ::group::Post task execution logs
[2025-12-14T22:34:32.482+0000] {taskinstance.py:1206} INFO - Marking task as SUCCESS. dag_id=etl_clima_movilidad, task_id=transform_data, run_id=manual__2025-12-14T22:34:20.821687+00:00, execution_date=20251214T223420, start_date=20251214T223432, end_date=20251214T223432
[2025-12-14T22:34:32.528+0000] {local_task_job_runner.py:240} INFO - Task exited with return code 0
[2025-12-14T22:34:32.547+0000] {taskinstance.py:3498} INFO - 1 downstream tasks scheduled from follow-on schedule check
[2025-12-14T22:34:32.550+0000] {local_task_job_runner.py:222} INFO - ::endgroup::
