[2025-12-04T17:21:37.422+0000] {processor.py:161} INFO - Started process (PID=29) to work on /opt/airflow/dags/Dagetl.py
[2025-12-04T17:21:37.424+0000] {processor.py:830} INFO - Processing file /opt/airflow/dags/Dagetl.py for tasks to queue
[2025-12-04T17:21:37.427+0000] {logging_mixin.py:188} INFO - [2025-12-04T17:21:37.426+0000] {dagbag.py:545} INFO - Filling up the DagBag from /opt/airflow/dags/Dagetl.py
[2025-12-04T17:21:37.449+0000] {logging_mixin.py:188} INFO - [2025-12-04T17:21:37.443+0000] {dagbag.py:355} ERROR - Failed to import: /opt/airflow/dags/Dagetl.py
Traceback (most recent call last):
  File "/home/airflow/.local/lib/python3.12/site-packages/airflow/models/dagbag.py", line 351, in parse
    loader.exec_module(new_module)
  File "<frozen importlib._bootstrap_external>", line 995, in exec_module
  File "<frozen importlib._bootstrap>", line 488, in _call_with_frames_removed
  File "/opt/airflow/dags/Dagetl.py", line 15, in <module>
    from extract.extract import extract_weather
ModuleNotFoundError: No module named 'extract'
[2025-12-04T17:21:37.451+0000] {processor.py:842} WARNING - No viable dags retrieved from /opt/airflow/dags/Dagetl.py
[2025-12-04T17:21:37.480+0000] {processor.py:183} INFO - Processing /opt/airflow/dags/Dagetl.py took 0.064 seconds
[2025-12-04T17:24:37.920+0000] {processor.py:161} INFO - Started process (PID=29) to work on /opt/airflow/dags/Dagetl.py
[2025-12-04T17:24:37.922+0000] {processor.py:830} INFO - Processing file /opt/airflow/dags/Dagetl.py for tasks to queue
[2025-12-04T17:24:37.924+0000] {logging_mixin.py:188} INFO - [2025-12-04T17:24:37.924+0000] {dagbag.py:545} INFO - Filling up the DagBag from /opt/airflow/dags/Dagetl.py
[2025-12-04T17:24:37.941+0000] {logging_mixin.py:188} INFO - [2025-12-04T17:24:37.936+0000] {dagbag.py:355} ERROR - Failed to import: /opt/airflow/dags/Dagetl.py
Traceback (most recent call last):
  File "/home/airflow/.local/lib/python3.12/site-packages/airflow/models/dagbag.py", line 351, in parse
    loader.exec_module(new_module)
  File "<frozen importlib._bootstrap_external>", line 995, in exec_module
  File "<frozen importlib._bootstrap>", line 488, in _call_with_frames_removed
  File "/opt/airflow/dags/Dagetl.py", line 15, in <module>
    from extract.extract import extract_weather
ModuleNotFoundError: No module named 'extract'
[2025-12-04T17:24:37.943+0000] {processor.py:842} WARNING - No viable dags retrieved from /opt/airflow/dags/Dagetl.py
[2025-12-04T17:24:37.964+0000] {processor.py:183} INFO - Processing /opt/airflow/dags/Dagetl.py took 0.050 seconds
[2025-12-04T17:25:08.119+0000] {processor.py:161} INFO - Started process (PID=30) to work on /opt/airflow/dags/Dagetl.py
[2025-12-04T17:25:08.119+0000] {processor.py:830} INFO - Processing file /opt/airflow/dags/Dagetl.py for tasks to queue
[2025-12-04T17:25:08.122+0000] {logging_mixin.py:188} INFO - [2025-12-04T17:25:08.121+0000] {dagbag.py:545} INFO - Filling up the DagBag from /opt/airflow/dags/Dagetl.py
[2025-12-04T17:25:08.136+0000] {logging_mixin.py:188} INFO - [2025-12-04T17:25:08.133+0000] {dagbag.py:355} ERROR - Failed to import: /opt/airflow/dags/Dagetl.py
Traceback (most recent call last):
  File "/home/airflow/.local/lib/python3.12/site-packages/airflow/models/dagbag.py", line 351, in parse
    loader.exec_module(new_module)
  File "<frozen importlib._bootstrap_external>", line 995, in exec_module
  File "<frozen importlib._bootstrap>", line 488, in _call_with_frames_removed
  File "/opt/airflow/dags/Dagetl.py", line 15, in <module>
    from extract.extract import extract_weather
ModuleNotFoundError: No module named 'extract'
[2025-12-04T17:25:08.137+0000] {processor.py:842} WARNING - No viable dags retrieved from /opt/airflow/dags/Dagetl.py
[2025-12-04T17:25:08.161+0000] {processor.py:183} INFO - Processing /opt/airflow/dags/Dagetl.py took 0.049 seconds
[2025-12-04T17:25:38.285+0000] {processor.py:161} INFO - Started process (PID=31) to work on /opt/airflow/dags/Dagetl.py
[2025-12-04T17:25:38.286+0000] {processor.py:830} INFO - Processing file /opt/airflow/dags/Dagetl.py for tasks to queue
[2025-12-04T17:25:38.288+0000] {logging_mixin.py:188} INFO - [2025-12-04T17:25:38.288+0000] {dagbag.py:545} INFO - Filling up the DagBag from /opt/airflow/dags/Dagetl.py
[2025-12-04T17:25:38.302+0000] {logging_mixin.py:188} INFO - [2025-12-04T17:25:38.299+0000] {dagbag.py:355} ERROR - Failed to import: /opt/airflow/dags/Dagetl.py
Traceback (most recent call last):
  File "/home/airflow/.local/lib/python3.12/site-packages/airflow/models/dagbag.py", line 351, in parse
    loader.exec_module(new_module)
  File "<frozen importlib._bootstrap_external>", line 995, in exec_module
  File "<frozen importlib._bootstrap>", line 488, in _call_with_frames_removed
  File "/opt/airflow/dags/Dagetl.py", line 15, in <module>
    from extract.extract import extract_weather
ModuleNotFoundError: No module named 'extract'
[2025-12-04T17:25:38.303+0000] {processor.py:842} WARNING - No viable dags retrieved from /opt/airflow/dags/Dagetl.py
[2025-12-04T17:25:38.328+0000] {processor.py:183} INFO - Processing /opt/airflow/dags/Dagetl.py took 0.049 seconds
[2025-12-04T17:26:08.448+0000] {processor.py:161} INFO - Started process (PID=32) to work on /opt/airflow/dags/Dagetl.py
[2025-12-04T17:26:08.449+0000] {processor.py:830} INFO - Processing file /opt/airflow/dags/Dagetl.py for tasks to queue
[2025-12-04T17:26:08.451+0000] {logging_mixin.py:188} INFO - [2025-12-04T17:26:08.450+0000] {dagbag.py:545} INFO - Filling up the DagBag from /opt/airflow/dags/Dagetl.py
[2025-12-04T17:26:08.465+0000] {logging_mixin.py:188} INFO - [2025-12-04T17:26:08.461+0000] {dagbag.py:355} ERROR - Failed to import: /opt/airflow/dags/Dagetl.py
Traceback (most recent call last):
  File "/home/airflow/.local/lib/python3.12/site-packages/airflow/models/dagbag.py", line 351, in parse
    loader.exec_module(new_module)
  File "<frozen importlib._bootstrap_external>", line 995, in exec_module
  File "<frozen importlib._bootstrap>", line 488, in _call_with_frames_removed
  File "/opt/airflow/dags/Dagetl.py", line 15, in <module>
    from extract.extract import extract_weather
ModuleNotFoundError: No module named 'extract'
[2025-12-04T17:26:08.466+0000] {processor.py:842} WARNING - No viable dags retrieved from /opt/airflow/dags/Dagetl.py
[2025-12-04T17:26:08.488+0000] {processor.py:183} INFO - Processing /opt/airflow/dags/Dagetl.py took 0.047 seconds
[2025-12-04T17:26:38.619+0000] {processor.py:161} INFO - Started process (PID=33) to work on /opt/airflow/dags/Dagetl.py
[2025-12-04T17:26:38.620+0000] {processor.py:830} INFO - Processing file /opt/airflow/dags/Dagetl.py for tasks to queue
[2025-12-04T17:26:38.622+0000] {logging_mixin.py:188} INFO - [2025-12-04T17:26:38.622+0000] {dagbag.py:545} INFO - Filling up the DagBag from /opt/airflow/dags/Dagetl.py
[2025-12-04T17:26:38.637+0000] {logging_mixin.py:188} INFO - [2025-12-04T17:26:38.633+0000] {dagbag.py:355} ERROR - Failed to import: /opt/airflow/dags/Dagetl.py
Traceback (most recent call last):
  File "/home/airflow/.local/lib/python3.12/site-packages/airflow/models/dagbag.py", line 351, in parse
    loader.exec_module(new_module)
  File "<frozen importlib._bootstrap_external>", line 995, in exec_module
  File "<frozen importlib._bootstrap>", line 488, in _call_with_frames_removed
  File "/opt/airflow/dags/Dagetl.py", line 15, in <module>
    from extract.extract import extract_weather
ModuleNotFoundError: No module named 'extract'
[2025-12-04T17:26:38.638+0000] {processor.py:842} WARNING - No viable dags retrieved from /opt/airflow/dags/Dagetl.py
[2025-12-04T17:26:38.660+0000] {processor.py:183} INFO - Processing /opt/airflow/dags/Dagetl.py took 0.048 seconds
[2025-12-04T17:27:08.779+0000] {processor.py:161} INFO - Started process (PID=34) to work on /opt/airflow/dags/Dagetl.py
[2025-12-04T17:27:08.779+0000] {processor.py:830} INFO - Processing file /opt/airflow/dags/Dagetl.py for tasks to queue
[2025-12-04T17:27:08.782+0000] {logging_mixin.py:188} INFO - [2025-12-04T17:27:08.781+0000] {dagbag.py:545} INFO - Filling up the DagBag from /opt/airflow/dags/Dagetl.py
[2025-12-04T17:27:08.796+0000] {logging_mixin.py:188} INFO - [2025-12-04T17:27:08.793+0000] {dagbag.py:355} ERROR - Failed to import: /opt/airflow/dags/Dagetl.py
Traceback (most recent call last):
  File "/home/airflow/.local/lib/python3.12/site-packages/airflow/models/dagbag.py", line 351, in parse
    loader.exec_module(new_module)
  File "<frozen importlib._bootstrap_external>", line 995, in exec_module
  File "<frozen importlib._bootstrap>", line 488, in _call_with_frames_removed
  File "/opt/airflow/dags/Dagetl.py", line 15, in <module>
    from extract.extract import extract_weather
ModuleNotFoundError: No module named 'extract'
[2025-12-04T17:27:08.798+0000] {processor.py:842} WARNING - No viable dags retrieved from /opt/airflow/dags/Dagetl.py
[2025-12-04T17:27:08.820+0000] {processor.py:183} INFO - Processing /opt/airflow/dags/Dagetl.py took 0.047 seconds
[2025-12-04T17:27:38.940+0000] {processor.py:161} INFO - Started process (PID=35) to work on /opt/airflow/dags/Dagetl.py
[2025-12-04T17:27:38.941+0000] {processor.py:830} INFO - Processing file /opt/airflow/dags/Dagetl.py for tasks to queue
[2025-12-04T17:27:38.943+0000] {logging_mixin.py:188} INFO - [2025-12-04T17:27:38.942+0000] {dagbag.py:545} INFO - Filling up the DagBag from /opt/airflow/dags/Dagetl.py
[2025-12-04T17:27:38.958+0000] {logging_mixin.py:188} INFO - [2025-12-04T17:27:38.955+0000] {dagbag.py:355} ERROR - Failed to import: /opt/airflow/dags/Dagetl.py
Traceback (most recent call last):
  File "/home/airflow/.local/lib/python3.12/site-packages/airflow/models/dagbag.py", line 351, in parse
    loader.exec_module(new_module)
  File "<frozen importlib._bootstrap_external>", line 995, in exec_module
  File "<frozen importlib._bootstrap>", line 488, in _call_with_frames_removed
  File "/opt/airflow/dags/Dagetl.py", line 15, in <module>
    from extract.extract import extract_weather
ModuleNotFoundError: No module named 'extract'
[2025-12-04T17:27:38.959+0000] {processor.py:842} WARNING - No viable dags retrieved from /opt/airflow/dags/Dagetl.py
[2025-12-04T17:27:38.983+0000] {processor.py:183} INFO - Processing /opt/airflow/dags/Dagetl.py took 0.050 seconds
[2025-12-04T17:28:09.100+0000] {processor.py:161} INFO - Started process (PID=36) to work on /opt/airflow/dags/Dagetl.py
[2025-12-04T17:28:09.101+0000] {processor.py:830} INFO - Processing file /opt/airflow/dags/Dagetl.py for tasks to queue
[2025-12-04T17:28:09.103+0000] {logging_mixin.py:188} INFO - [2025-12-04T17:28:09.102+0000] {dagbag.py:545} INFO - Filling up the DagBag from /opt/airflow/dags/Dagetl.py
[2025-12-04T17:28:09.118+0000] {logging_mixin.py:188} INFO - [2025-12-04T17:28:09.115+0000] {dagbag.py:355} ERROR - Failed to import: /opt/airflow/dags/Dagetl.py
Traceback (most recent call last):
  File "/home/airflow/.local/lib/python3.12/site-packages/airflow/models/dagbag.py", line 351, in parse
    loader.exec_module(new_module)
  File "<frozen importlib._bootstrap_external>", line 995, in exec_module
  File "<frozen importlib._bootstrap>", line 488, in _call_with_frames_removed
  File "/opt/airflow/dags/Dagetl.py", line 15, in <module>
    from extract.extract import extract_weather
ModuleNotFoundError: No module named 'extract'
[2025-12-04T17:28:09.119+0000] {processor.py:842} WARNING - No viable dags retrieved from /opt/airflow/dags/Dagetl.py
[2025-12-04T17:28:09.142+0000] {processor.py:183} INFO - Processing /opt/airflow/dags/Dagetl.py took 0.048 seconds
[2025-12-04T17:28:39.261+0000] {processor.py:161} INFO - Started process (PID=37) to work on /opt/airflow/dags/Dagetl.py
[2025-12-04T17:28:39.262+0000] {processor.py:830} INFO - Processing file /opt/airflow/dags/Dagetl.py for tasks to queue
[2025-12-04T17:28:39.264+0000] {logging_mixin.py:188} INFO - [2025-12-04T17:28:39.264+0000] {dagbag.py:545} INFO - Filling up the DagBag from /opt/airflow/dags/Dagetl.py
[2025-12-04T17:28:39.279+0000] {logging_mixin.py:188} INFO - [2025-12-04T17:28:39.275+0000] {dagbag.py:355} ERROR - Failed to import: /opt/airflow/dags/Dagetl.py
Traceback (most recent call last):
  File "/home/airflow/.local/lib/python3.12/site-packages/airflow/models/dagbag.py", line 351, in parse
    loader.exec_module(new_module)
  File "<frozen importlib._bootstrap_external>", line 995, in exec_module
  File "<frozen importlib._bootstrap>", line 488, in _call_with_frames_removed
  File "/opt/airflow/dags/Dagetl.py", line 15, in <module>
    from extract.extract import extract_weather
ModuleNotFoundError: No module named 'extract'
[2025-12-04T17:28:39.280+0000] {processor.py:842} WARNING - No viable dags retrieved from /opt/airflow/dags/Dagetl.py
[2025-12-04T17:28:39.302+0000] {processor.py:183} INFO - Processing /opt/airflow/dags/Dagetl.py took 0.047 seconds
[2025-12-04T17:29:09.422+0000] {processor.py:161} INFO - Started process (PID=38) to work on /opt/airflow/dags/Dagetl.py
[2025-12-04T17:29:09.423+0000] {processor.py:830} INFO - Processing file /opt/airflow/dags/Dagetl.py for tasks to queue
[2025-12-04T17:29:09.426+0000] {logging_mixin.py:188} INFO - [2025-12-04T17:29:09.425+0000] {dagbag.py:545} INFO - Filling up the DagBag from /opt/airflow/dags/Dagetl.py
[2025-12-04T17:29:09.444+0000] {logging_mixin.py:188} INFO - [2025-12-04T17:29:09.440+0000] {dagbag.py:355} ERROR - Failed to import: /opt/airflow/dags/Dagetl.py
Traceback (most recent call last):
  File "/home/airflow/.local/lib/python3.12/site-packages/airflow/models/dagbag.py", line 351, in parse
    loader.exec_module(new_module)
  File "<frozen importlib._bootstrap_external>", line 995, in exec_module
  File "<frozen importlib._bootstrap>", line 488, in _call_with_frames_removed
  File "/opt/airflow/dags/Dagetl.py", line 15, in <module>
    from extract.extract import extract_weather
ModuleNotFoundError: No module named 'extract'
[2025-12-04T17:29:09.445+0000] {processor.py:842} WARNING - No viable dags retrieved from /opt/airflow/dags/Dagetl.py
[2025-12-04T17:29:09.466+0000] {processor.py:183} INFO - Processing /opt/airflow/dags/Dagetl.py took 0.050 seconds
[2025-12-04T17:29:39.624+0000] {processor.py:161} INFO - Started process (PID=39) to work on /opt/airflow/dags/Dagetl.py
[2025-12-04T17:29:39.625+0000] {processor.py:830} INFO - Processing file /opt/airflow/dags/Dagetl.py for tasks to queue
[2025-12-04T17:29:39.627+0000] {logging_mixin.py:188} INFO - [2025-12-04T17:29:39.627+0000] {dagbag.py:545} INFO - Filling up the DagBag from /opt/airflow/dags/Dagetl.py
[2025-12-04T17:29:39.642+0000] {logging_mixin.py:188} INFO - [2025-12-04T17:29:39.639+0000] {dagbag.py:355} ERROR - Failed to import: /opt/airflow/dags/Dagetl.py
Traceback (most recent call last):
  File "/home/airflow/.local/lib/python3.12/site-packages/airflow/models/dagbag.py", line 351, in parse
    loader.exec_module(new_module)
  File "<frozen importlib._bootstrap_external>", line 995, in exec_module
  File "<frozen importlib._bootstrap>", line 488, in _call_with_frames_removed
  File "/opt/airflow/dags/Dagetl.py", line 15, in <module>
    from extract.extract import extract_weather
ModuleNotFoundError: No module named 'extract'
[2025-12-04T17:29:39.644+0000] {processor.py:842} WARNING - No viable dags retrieved from /opt/airflow/dags/Dagetl.py
[2025-12-04T17:29:39.665+0000] {processor.py:183} INFO - Processing /opt/airflow/dags/Dagetl.py took 0.047 seconds
[2025-12-04T17:30:09.783+0000] {processor.py:161} INFO - Started process (PID=40) to work on /opt/airflow/dags/Dagetl.py
[2025-12-04T17:30:09.783+0000] {processor.py:830} INFO - Processing file /opt/airflow/dags/Dagetl.py for tasks to queue
[2025-12-04T17:30:09.786+0000] {logging_mixin.py:188} INFO - [2025-12-04T17:30:09.786+0000] {dagbag.py:545} INFO - Filling up the DagBag from /opt/airflow/dags/Dagetl.py
[2025-12-04T17:30:09.805+0000] {logging_mixin.py:188} INFO - [2025-12-04T17:30:09.800+0000] {dagbag.py:355} ERROR - Failed to import: /opt/airflow/dags/Dagetl.py
Traceback (most recent call last):
  File "/home/airflow/.local/lib/python3.12/site-packages/airflow/models/dagbag.py", line 351, in parse
    loader.exec_module(new_module)
  File "<frozen importlib._bootstrap_external>", line 995, in exec_module
  File "<frozen importlib._bootstrap>", line 488, in _call_with_frames_removed
  File "/opt/airflow/dags/Dagetl.py", line 15, in <module>
    from extract.extract import extract_weather
ModuleNotFoundError: No module named 'extract'
[2025-12-04T17:30:09.806+0000] {processor.py:842} WARNING - No viable dags retrieved from /opt/airflow/dags/Dagetl.py
[2025-12-04T17:30:09.827+0000] {processor.py:183} INFO - Processing /opt/airflow/dags/Dagetl.py took 0.050 seconds
[2025-12-04T17:30:39.944+0000] {processor.py:161} INFO - Started process (PID=41) to work on /opt/airflow/dags/Dagetl.py
[2025-12-04T17:30:39.944+0000] {processor.py:830} INFO - Processing file /opt/airflow/dags/Dagetl.py for tasks to queue
[2025-12-04T17:30:39.947+0000] {logging_mixin.py:188} INFO - [2025-12-04T17:30:39.947+0000] {dagbag.py:545} INFO - Filling up the DagBag from /opt/airflow/dags/Dagetl.py
[2025-12-04T17:30:39.962+0000] {logging_mixin.py:188} INFO - [2025-12-04T17:30:39.959+0000] {dagbag.py:355} ERROR - Failed to import: /opt/airflow/dags/Dagetl.py
Traceback (most recent call last):
  File "/home/airflow/.local/lib/python3.12/site-packages/airflow/models/dagbag.py", line 351, in parse
    loader.exec_module(new_module)
  File "<frozen importlib._bootstrap_external>", line 995, in exec_module
  File "<frozen importlib._bootstrap>", line 488, in _call_with_frames_removed
  File "/opt/airflow/dags/Dagetl.py", line 15, in <module>
    from extract.extract import extract_weather
ModuleNotFoundError: No module named 'extract'
[2025-12-04T17:30:39.963+0000] {processor.py:842} WARNING - No viable dags retrieved from /opt/airflow/dags/Dagetl.py
[2025-12-04T17:30:39.986+0000] {processor.py:183} INFO - Processing /opt/airflow/dags/Dagetl.py took 0.049 seconds
[2025-12-04T17:31:10.119+0000] {processor.py:161} INFO - Started process (PID=42) to work on /opt/airflow/dags/Dagetl.py
[2025-12-04T17:31:10.120+0000] {processor.py:830} INFO - Processing file /opt/airflow/dags/Dagetl.py for tasks to queue
[2025-12-04T17:31:10.123+0000] {logging_mixin.py:188} INFO - [2025-12-04T17:31:10.122+0000] {dagbag.py:545} INFO - Filling up the DagBag from /opt/airflow/dags/Dagetl.py
[2025-12-04T17:31:10.137+0000] {logging_mixin.py:188} INFO - [2025-12-04T17:31:10.134+0000] {dagbag.py:355} ERROR - Failed to import: /opt/airflow/dags/Dagetl.py
Traceback (most recent call last):
  File "/home/airflow/.local/lib/python3.12/site-packages/airflow/models/dagbag.py", line 351, in parse
    loader.exec_module(new_module)
  File "<frozen importlib._bootstrap_external>", line 995, in exec_module
  File "<frozen importlib._bootstrap>", line 488, in _call_with_frames_removed
  File "/opt/airflow/dags/Dagetl.py", line 15, in <module>
    from extract.extract import extract_weather
ModuleNotFoundError: No module named 'extract'
[2025-12-04T17:31:10.138+0000] {processor.py:842} WARNING - No viable dags retrieved from /opt/airflow/dags/Dagetl.py
[2025-12-04T17:31:10.162+0000] {processor.py:183} INFO - Processing /opt/airflow/dags/Dagetl.py took 0.049 seconds
[2025-12-04T17:31:40.289+0000] {processor.py:161} INFO - Started process (PID=43) to work on /opt/airflow/dags/Dagetl.py
[2025-12-04T17:31:40.289+0000] {processor.py:830} INFO - Processing file /opt/airflow/dags/Dagetl.py for tasks to queue
[2025-12-04T17:31:40.292+0000] {logging_mixin.py:188} INFO - [2025-12-04T17:31:40.292+0000] {dagbag.py:545} INFO - Filling up the DagBag from /opt/airflow/dags/Dagetl.py
[2025-12-04T17:31:40.306+0000] {logging_mixin.py:188} INFO - [2025-12-04T17:31:40.303+0000] {dagbag.py:355} ERROR - Failed to import: /opt/airflow/dags/Dagetl.py
Traceback (most recent call last):
  File "/home/airflow/.local/lib/python3.12/site-packages/airflow/models/dagbag.py", line 351, in parse
    loader.exec_module(new_module)
  File "<frozen importlib._bootstrap_external>", line 995, in exec_module
  File "<frozen importlib._bootstrap>", line 488, in _call_with_frames_removed
  File "/opt/airflow/dags/Dagetl.py", line 15, in <module>
    from extract.extract import extract_weather
ModuleNotFoundError: No module named 'extract'
[2025-12-04T17:31:40.307+0000] {processor.py:842} WARNING - No viable dags retrieved from /opt/airflow/dags/Dagetl.py
[2025-12-04T17:31:40.331+0000] {processor.py:183} INFO - Processing /opt/airflow/dags/Dagetl.py took 0.048 seconds
[2025-12-04T17:32:10.448+0000] {processor.py:161} INFO - Started process (PID=44) to work on /opt/airflow/dags/Dagetl.py
[2025-12-04T17:32:10.449+0000] {processor.py:830} INFO - Processing file /opt/airflow/dags/Dagetl.py for tasks to queue
[2025-12-04T17:32:10.451+0000] {logging_mixin.py:188} INFO - [2025-12-04T17:32:10.450+0000] {dagbag.py:545} INFO - Filling up the DagBag from /opt/airflow/dags/Dagetl.py
[2025-12-04T17:32:10.466+0000] {logging_mixin.py:188} INFO - [2025-12-04T17:32:10.462+0000] {dagbag.py:355} ERROR - Failed to import: /opt/airflow/dags/Dagetl.py
Traceback (most recent call last):
  File "/home/airflow/.local/lib/python3.12/site-packages/airflow/models/dagbag.py", line 351, in parse
    loader.exec_module(new_module)
  File "<frozen importlib._bootstrap_external>", line 995, in exec_module
  File "<frozen importlib._bootstrap>", line 488, in _call_with_frames_removed
  File "/opt/airflow/dags/Dagetl.py", line 15, in <module>
    from extract.extract import extract_weather
ModuleNotFoundError: No module named 'extract'
[2025-12-04T17:32:10.467+0000] {processor.py:842} WARNING - No viable dags retrieved from /opt/airflow/dags/Dagetl.py
[2025-12-04T17:32:10.489+0000] {processor.py:183} INFO - Processing /opt/airflow/dags/Dagetl.py took 0.046 seconds
[2025-12-04T17:32:40.625+0000] {processor.py:161} INFO - Started process (PID=45) to work on /opt/airflow/dags/Dagetl.py
[2025-12-04T17:32:40.625+0000] {processor.py:830} INFO - Processing file /opt/airflow/dags/Dagetl.py for tasks to queue
[2025-12-04T17:32:40.628+0000] {logging_mixin.py:188} INFO - [2025-12-04T17:32:40.627+0000] {dagbag.py:545} INFO - Filling up the DagBag from /opt/airflow/dags/Dagetl.py
[2025-12-04T17:32:40.643+0000] {logging_mixin.py:188} INFO - [2025-12-04T17:32:40.640+0000] {dagbag.py:355} ERROR - Failed to import: /opt/airflow/dags/Dagetl.py
Traceback (most recent call last):
  File "/home/airflow/.local/lib/python3.12/site-packages/airflow/models/dagbag.py", line 351, in parse
    loader.exec_module(new_module)
  File "<frozen importlib._bootstrap_external>", line 995, in exec_module
  File "<frozen importlib._bootstrap>", line 488, in _call_with_frames_removed
  File "/opt/airflow/dags/Dagetl.py", line 15, in <module>
    from extract.extract import extract_weather
ModuleNotFoundError: No module named 'extract'
[2025-12-04T17:32:40.644+0000] {processor.py:842} WARNING - No viable dags retrieved from /opt/airflow/dags/Dagetl.py
[2025-12-04T17:32:40.665+0000] {processor.py:183} INFO - Processing /opt/airflow/dags/Dagetl.py took 0.047 seconds
[2025-12-04T17:33:10.790+0000] {processor.py:161} INFO - Started process (PID=46) to work on /opt/airflow/dags/Dagetl.py
[2025-12-04T17:33:10.791+0000] {processor.py:830} INFO - Processing file /opt/airflow/dags/Dagetl.py for tasks to queue
[2025-12-04T17:33:10.793+0000] {logging_mixin.py:188} INFO - [2025-12-04T17:33:10.793+0000] {dagbag.py:545} INFO - Filling up the DagBag from /opt/airflow/dags/Dagetl.py
[2025-12-04T17:33:10.808+0000] {logging_mixin.py:188} INFO - [2025-12-04T17:33:10.805+0000] {dagbag.py:355} ERROR - Failed to import: /opt/airflow/dags/Dagetl.py
Traceback (most recent call last):
  File "/home/airflow/.local/lib/python3.12/site-packages/airflow/models/dagbag.py", line 351, in parse
    loader.exec_module(new_module)
  File "<frozen importlib._bootstrap_external>", line 995, in exec_module
  File "<frozen importlib._bootstrap>", line 488, in _call_with_frames_removed
  File "/opt/airflow/dags/Dagetl.py", line 15, in <module>
    from extract.extract import extract_weather
ModuleNotFoundError: No module named 'extract'
[2025-12-04T17:33:10.809+0000] {processor.py:842} WARNING - No viable dags retrieved from /opt/airflow/dags/Dagetl.py
[2025-12-04T17:33:10.835+0000] {processor.py:183} INFO - Processing /opt/airflow/dags/Dagetl.py took 0.051 seconds
[2025-12-04T17:33:40.956+0000] {processor.py:161} INFO - Started process (PID=47) to work on /opt/airflow/dags/Dagetl.py
[2025-12-04T17:33:40.957+0000] {processor.py:830} INFO - Processing file /opt/airflow/dags/Dagetl.py for tasks to queue
[2025-12-04T17:33:40.959+0000] {logging_mixin.py:188} INFO - [2025-12-04T17:33:40.959+0000] {dagbag.py:545} INFO - Filling up the DagBag from /opt/airflow/dags/Dagetl.py
[2025-12-04T17:33:40.973+0000] {logging_mixin.py:188} INFO - [2025-12-04T17:33:40.970+0000] {dagbag.py:355} ERROR - Failed to import: /opt/airflow/dags/Dagetl.py
Traceback (most recent call last):
  File "/home/airflow/.local/lib/python3.12/site-packages/airflow/models/dagbag.py", line 351, in parse
    loader.exec_module(new_module)
  File "<frozen importlib._bootstrap_external>", line 995, in exec_module
  File "<frozen importlib._bootstrap>", line 488, in _call_with_frames_removed
  File "/opt/airflow/dags/Dagetl.py", line 15, in <module>
    from extract.extract import extract_weather
ModuleNotFoundError: No module named 'extract'
[2025-12-04T17:33:40.975+0000] {processor.py:842} WARNING - No viable dags retrieved from /opt/airflow/dags/Dagetl.py
[2025-12-04T17:33:40.997+0000] {processor.py:183} INFO - Processing /opt/airflow/dags/Dagetl.py took 0.047 seconds
[2025-12-04T17:34:11.123+0000] {processor.py:161} INFO - Started process (PID=48) to work on /opt/airflow/dags/Dagetl.py
[2025-12-04T17:34:11.123+0000] {processor.py:830} INFO - Processing file /opt/airflow/dags/Dagetl.py for tasks to queue
[2025-12-04T17:34:11.126+0000] {logging_mixin.py:188} INFO - [2025-12-04T17:34:11.125+0000] {dagbag.py:545} INFO - Filling up the DagBag from /opt/airflow/dags/Dagetl.py
[2025-12-04T17:34:11.140+0000] {logging_mixin.py:188} INFO - [2025-12-04T17:34:11.137+0000] {dagbag.py:355} ERROR - Failed to import: /opt/airflow/dags/Dagetl.py
Traceback (most recent call last):
  File "/home/airflow/.local/lib/python3.12/site-packages/airflow/models/dagbag.py", line 351, in parse
    loader.exec_module(new_module)
  File "<frozen importlib._bootstrap_external>", line 995, in exec_module
  File "<frozen importlib._bootstrap>", line 488, in _call_with_frames_removed
  File "/opt/airflow/dags/Dagetl.py", line 15, in <module>
    from extract.extract import extract_weather
ModuleNotFoundError: No module named 'extract'
[2025-12-04T17:34:11.141+0000] {processor.py:842} WARNING - No viable dags retrieved from /opt/airflow/dags/Dagetl.py
[2025-12-04T17:34:11.164+0000] {processor.py:183} INFO - Processing /opt/airflow/dags/Dagetl.py took 0.047 seconds
[2025-12-04T17:34:41.365+0000] {processor.py:161} INFO - Started process (PID=49) to work on /opt/airflow/dags/Dagetl.py
[2025-12-04T17:34:41.367+0000] {processor.py:830} INFO - Processing file /opt/airflow/dags/Dagetl.py for tasks to queue
[2025-12-04T17:34:41.382+0000] {logging_mixin.py:188} INFO - [2025-12-04T17:34:41.381+0000] {dagbag.py:545} INFO - Filling up the DagBag from /opt/airflow/dags/Dagetl.py
[2025-12-04T17:34:41.411+0000] {logging_mixin.py:188} INFO - [2025-12-04T17:34:41.403+0000] {dagbag.py:355} ERROR - Failed to import: /opt/airflow/dags/Dagetl.py
Traceback (most recent call last):
  File "/home/airflow/.local/lib/python3.12/site-packages/airflow/models/dagbag.py", line 351, in parse
    loader.exec_module(new_module)
  File "<frozen importlib._bootstrap_external>", line 995, in exec_module
  File "<frozen importlib._bootstrap>", line 488, in _call_with_frames_removed
  File "/opt/airflow/dags/Dagetl.py", line 15, in <module>
    from extract.extract import extract_weather
ModuleNotFoundError: No module named 'extract'
[2025-12-04T17:34:41.413+0000] {processor.py:842} WARNING - No viable dags retrieved from /opt/airflow/dags/Dagetl.py
[2025-12-04T17:34:41.487+0000] {processor.py:183} INFO - Processing /opt/airflow/dags/Dagetl.py took 0.153 seconds
[2025-12-04T17:35:11.566+0000] {processor.py:161} INFO - Started process (PID=50) to work on /opt/airflow/dags/Dagetl.py
[2025-12-04T17:35:11.568+0000] {processor.py:830} INFO - Processing file /opt/airflow/dags/Dagetl.py for tasks to queue
[2025-12-04T17:35:11.575+0000] {logging_mixin.py:188} INFO - [2025-12-04T17:35:11.573+0000] {dagbag.py:545} INFO - Filling up the DagBag from /opt/airflow/dags/Dagetl.py
[2025-12-04T17:35:11.592+0000] {logging_mixin.py:188} INFO - [2025-12-04T17:35:11.588+0000] {dagbag.py:355} ERROR - Failed to import: /opt/airflow/dags/Dagetl.py
Traceback (most recent call last):
  File "/home/airflow/.local/lib/python3.12/site-packages/airflow/models/dagbag.py", line 351, in parse
    loader.exec_module(new_module)
  File "<frozen importlib._bootstrap_external>", line 995, in exec_module
  File "<frozen importlib._bootstrap>", line 488, in _call_with_frames_removed
  File "/opt/airflow/dags/Dagetl.py", line 15, in <module>
    from extract.extract import extract_weather
ModuleNotFoundError: No module named 'extract'
[2025-12-04T17:35:11.593+0000] {processor.py:842} WARNING - No viable dags retrieved from /opt/airflow/dags/Dagetl.py
[2025-12-04T17:35:11.640+0000] {processor.py:183} INFO - Processing /opt/airflow/dags/Dagetl.py took 0.094 seconds
[2025-12-04T17:35:41.792+0000] {processor.py:161} INFO - Started process (PID=51) to work on /opt/airflow/dags/Dagetl.py
[2025-12-04T17:35:41.793+0000] {processor.py:830} INFO - Processing file /opt/airflow/dags/Dagetl.py for tasks to queue
[2025-12-04T17:35:41.795+0000] {logging_mixin.py:188} INFO - [2025-12-04T17:35:41.795+0000] {dagbag.py:545} INFO - Filling up the DagBag from /opt/airflow/dags/Dagetl.py
[2025-12-04T17:35:41.808+0000] {logging_mixin.py:188} INFO - [2025-12-04T17:35:41.805+0000] {dagbag.py:355} ERROR - Failed to import: /opt/airflow/dags/Dagetl.py
Traceback (most recent call last):
  File "/home/airflow/.local/lib/python3.12/site-packages/airflow/models/dagbag.py", line 351, in parse
    loader.exec_module(new_module)
  File "<frozen importlib._bootstrap_external>", line 995, in exec_module
  File "<frozen importlib._bootstrap>", line 488, in _call_with_frames_removed
  File "/opt/airflow/dags/Dagetl.py", line 15, in <module>
    from extract.extract import extract_weather
ModuleNotFoundError: No module named 'extract'
[2025-12-04T17:35:41.809+0000] {processor.py:842} WARNING - No viable dags retrieved from /opt/airflow/dags/Dagetl.py
[2025-12-04T17:35:41.838+0000] {processor.py:183} INFO - Processing /opt/airflow/dags/Dagetl.py took 0.050 seconds
[2025-12-04T17:36:11.959+0000] {processor.py:161} INFO - Started process (PID=52) to work on /opt/airflow/dags/Dagetl.py
[2025-12-04T17:36:11.960+0000] {processor.py:830} INFO - Processing file /opt/airflow/dags/Dagetl.py for tasks to queue
[2025-12-04T17:36:11.961+0000] {logging_mixin.py:188} INFO - [2025-12-04T17:36:11.961+0000] {dagbag.py:545} INFO - Filling up the DagBag from /opt/airflow/dags/Dagetl.py
[2025-12-04T17:36:11.975+0000] {logging_mixin.py:188} INFO - [2025-12-04T17:36:11.972+0000] {dagbag.py:355} ERROR - Failed to import: /opt/airflow/dags/Dagetl.py
Traceback (most recent call last):
  File "/home/airflow/.local/lib/python3.12/site-packages/airflow/models/dagbag.py", line 351, in parse
    loader.exec_module(new_module)
  File "<frozen importlib._bootstrap_external>", line 995, in exec_module
  File "<frozen importlib._bootstrap>", line 488, in _call_with_frames_removed
  File "/opt/airflow/dags/Dagetl.py", line 15, in <module>
    from extract.extract import extract_weather
ModuleNotFoundError: No module named 'extract'
[2025-12-04T17:36:11.976+0000] {processor.py:842} WARNING - No viable dags retrieved from /opt/airflow/dags/Dagetl.py
[2025-12-04T17:36:12.008+0000] {processor.py:183} INFO - Processing /opt/airflow/dags/Dagetl.py took 0.054 seconds
[2025-12-04T17:36:42.123+0000] {processor.py:161} INFO - Started process (PID=53) to work on /opt/airflow/dags/Dagetl.py
[2025-12-04T17:36:42.124+0000] {processor.py:830} INFO - Processing file /opt/airflow/dags/Dagetl.py for tasks to queue
[2025-12-04T17:36:42.125+0000] {logging_mixin.py:188} INFO - [2025-12-04T17:36:42.125+0000] {dagbag.py:545} INFO - Filling up the DagBag from /opt/airflow/dags/Dagetl.py
[2025-12-04T17:36:42.140+0000] {logging_mixin.py:188} INFO - [2025-12-04T17:36:42.137+0000] {dagbag.py:355} ERROR - Failed to import: /opt/airflow/dags/Dagetl.py
Traceback (most recent call last):
  File "/home/airflow/.local/lib/python3.12/site-packages/airflow/models/dagbag.py", line 351, in parse
    loader.exec_module(new_module)
  File "<frozen importlib._bootstrap_external>", line 995, in exec_module
  File "<frozen importlib._bootstrap>", line 488, in _call_with_frames_removed
  File "/opt/airflow/dags/Dagetl.py", line 15, in <module>
    from extract.extract import extract_weather
ModuleNotFoundError: No module named 'extract'
[2025-12-04T17:36:42.141+0000] {processor.py:842} WARNING - No viable dags retrieved from /opt/airflow/dags/Dagetl.py
[2025-12-04T17:36:42.161+0000] {processor.py:183} INFO - Processing /opt/airflow/dags/Dagetl.py took 0.043 seconds
[2025-12-04T17:37:12.286+0000] {processor.py:161} INFO - Started process (PID=54) to work on /opt/airflow/dags/Dagetl.py
[2025-12-04T17:37:12.287+0000] {processor.py:830} INFO - Processing file /opt/airflow/dags/Dagetl.py for tasks to queue
[2025-12-04T17:37:12.289+0000] {logging_mixin.py:188} INFO - [2025-12-04T17:37:12.288+0000] {dagbag.py:545} INFO - Filling up the DagBag from /opt/airflow/dags/Dagetl.py
[2025-12-04T17:37:12.302+0000] {logging_mixin.py:188} INFO - [2025-12-04T17:37:12.299+0000] {dagbag.py:355} ERROR - Failed to import: /opt/airflow/dags/Dagetl.py
Traceback (most recent call last):
  File "/home/airflow/.local/lib/python3.12/site-packages/airflow/models/dagbag.py", line 351, in parse
    loader.exec_module(new_module)
  File "<frozen importlib._bootstrap_external>", line 995, in exec_module
  File "<frozen importlib._bootstrap>", line 488, in _call_with_frames_removed
  File "/opt/airflow/dags/Dagetl.py", line 15, in <module>
    from extract.extract import extract_weather
ModuleNotFoundError: No module named 'extract'
[2025-12-04T17:37:12.303+0000] {processor.py:842} WARNING - No viable dags retrieved from /opt/airflow/dags/Dagetl.py
[2025-12-04T17:37:12.323+0000] {processor.py:183} INFO - Processing /opt/airflow/dags/Dagetl.py took 0.041 seconds
[2025-12-04T17:37:42.449+0000] {processor.py:161} INFO - Started process (PID=55) to work on /opt/airflow/dags/Dagetl.py
[2025-12-04T17:37:42.450+0000] {processor.py:830} INFO - Processing file /opt/airflow/dags/Dagetl.py for tasks to queue
[2025-12-04T17:37:42.451+0000] {logging_mixin.py:188} INFO - [2025-12-04T17:37:42.451+0000] {dagbag.py:545} INFO - Filling up the DagBag from /opt/airflow/dags/Dagetl.py
[2025-12-04T17:37:42.465+0000] {logging_mixin.py:188} INFO - [2025-12-04T17:37:42.461+0000] {dagbag.py:355} ERROR - Failed to import: /opt/airflow/dags/Dagetl.py
Traceback (most recent call last):
  File "/home/airflow/.local/lib/python3.12/site-packages/airflow/models/dagbag.py", line 351, in parse
    loader.exec_module(new_module)
  File "<frozen importlib._bootstrap_external>", line 995, in exec_module
  File "<frozen importlib._bootstrap>", line 488, in _call_with_frames_removed
  File "/opt/airflow/dags/Dagetl.py", line 15, in <module>
    from extract.extract import extract_weather
ModuleNotFoundError: No module named 'extract'
[2025-12-04T17:37:42.466+0000] {processor.py:842} WARNING - No viable dags retrieved from /opt/airflow/dags/Dagetl.py
[2025-12-04T17:37:42.486+0000] {processor.py:183} INFO - Processing /opt/airflow/dags/Dagetl.py took 0.042 seconds
[2025-12-04T17:38:12.639+0000] {processor.py:161} INFO - Started process (PID=56) to work on /opt/airflow/dags/Dagetl.py
[2025-12-04T17:38:12.640+0000] {processor.py:830} INFO - Processing file /opt/airflow/dags/Dagetl.py for tasks to queue
[2025-12-04T17:38:12.645+0000] {logging_mixin.py:188} INFO - [2025-12-04T17:38:12.644+0000] {dagbag.py:545} INFO - Filling up the DagBag from /opt/airflow/dags/Dagetl.py
[2025-12-04T17:38:12.663+0000] {logging_mixin.py:188} INFO - [2025-12-04T17:38:12.659+0000] {dagbag.py:355} ERROR - Failed to import: /opt/airflow/dags/Dagetl.py
Traceback (most recent call last):
  File "/home/airflow/.local/lib/python3.12/site-packages/airflow/models/dagbag.py", line 351, in parse
    loader.exec_module(new_module)
  File "<frozen importlib._bootstrap_external>", line 995, in exec_module
  File "<frozen importlib._bootstrap>", line 488, in _call_with_frames_removed
  File "/opt/airflow/dags/Dagetl.py", line 15, in <module>
    from extract.extract import extract_weather
ModuleNotFoundError: No module named 'extract'
[2025-12-04T17:38:12.665+0000] {processor.py:842} WARNING - No viable dags retrieved from /opt/airflow/dags/Dagetl.py
[2025-12-04T17:38:12.705+0000] {processor.py:183} INFO - Processing /opt/airflow/dags/Dagetl.py took 0.080 seconds
[2025-12-04T17:38:42.796+0000] {processor.py:161} INFO - Started process (PID=57) to work on /opt/airflow/dags/Dagetl.py
[2025-12-04T17:38:42.797+0000] {processor.py:830} INFO - Processing file /opt/airflow/dags/Dagetl.py for tasks to queue
[2025-12-04T17:38:42.799+0000] {logging_mixin.py:188} INFO - [2025-12-04T17:38:42.798+0000] {dagbag.py:545} INFO - Filling up the DagBag from /opt/airflow/dags/Dagetl.py
[2025-12-04T17:38:42.814+0000] {logging_mixin.py:188} INFO - [2025-12-04T17:38:42.811+0000] {dagbag.py:355} ERROR - Failed to import: /opt/airflow/dags/Dagetl.py
Traceback (most recent call last):
  File "/home/airflow/.local/lib/python3.12/site-packages/airflow/models/dagbag.py", line 351, in parse
    loader.exec_module(new_module)
  File "<frozen importlib._bootstrap_external>", line 995, in exec_module
  File "<frozen importlib._bootstrap>", line 488, in _call_with_frames_removed
  File "/opt/airflow/dags/Dagetl.py", line 15, in <module>
    from extract.extract import extract_weather
ModuleNotFoundError: No module named 'extract'
[2025-12-04T17:38:42.816+0000] {processor.py:842} WARNING - No viable dags retrieved from /opt/airflow/dags/Dagetl.py
[2025-12-04T17:38:42.840+0000] {processor.py:183} INFO - Processing /opt/airflow/dags/Dagetl.py took 0.051 seconds
[2025-12-04T17:39:13.007+0000] {processor.py:161} INFO - Started process (PID=58) to work on /opt/airflow/dags/Dagetl.py
[2025-12-04T17:39:13.008+0000] {processor.py:830} INFO - Processing file /opt/airflow/dags/Dagetl.py for tasks to queue
[2025-12-04T17:39:13.010+0000] {logging_mixin.py:188} INFO - [2025-12-04T17:39:13.010+0000] {dagbag.py:545} INFO - Filling up the DagBag from /opt/airflow/dags/Dagetl.py
[2025-12-04T17:39:13.027+0000] {logging_mixin.py:188} INFO - [2025-12-04T17:39:13.023+0000] {dagbag.py:355} ERROR - Failed to import: /opt/airflow/dags/Dagetl.py
Traceback (most recent call last):
  File "/home/airflow/.local/lib/python3.12/site-packages/airflow/models/dagbag.py", line 351, in parse
    loader.exec_module(new_module)
  File "<frozen importlib._bootstrap_external>", line 995, in exec_module
  File "<frozen importlib._bootstrap>", line 488, in _call_with_frames_removed
  File "/opt/airflow/dags/Dagetl.py", line 15, in <module>
    from extract.extract import extract_weather
ModuleNotFoundError: No module named 'extract'
[2025-12-04T17:39:13.028+0000] {processor.py:842} WARNING - No viable dags retrieved from /opt/airflow/dags/Dagetl.py
[2025-12-04T17:39:13.053+0000] {processor.py:183} INFO - Processing /opt/airflow/dags/Dagetl.py took 0.053 seconds
[2025-12-04T17:39:43.198+0000] {processor.py:161} INFO - Started process (PID=59) to work on /opt/airflow/dags/Dagetl.py
[2025-12-04T17:39:43.199+0000] {processor.py:830} INFO - Processing file /opt/airflow/dags/Dagetl.py for tasks to queue
[2025-12-04T17:39:43.201+0000] {logging_mixin.py:188} INFO - [2025-12-04T17:39:43.200+0000] {dagbag.py:545} INFO - Filling up the DagBag from /opt/airflow/dags/Dagetl.py
[2025-12-04T17:39:43.215+0000] {logging_mixin.py:188} INFO - [2025-12-04T17:39:43.212+0000] {dagbag.py:355} ERROR - Failed to import: /opt/airflow/dags/Dagetl.py
Traceback (most recent call last):
  File "/home/airflow/.local/lib/python3.12/site-packages/airflow/models/dagbag.py", line 351, in parse
    loader.exec_module(new_module)
  File "<frozen importlib._bootstrap_external>", line 995, in exec_module
  File "<frozen importlib._bootstrap>", line 488, in _call_with_frames_removed
  File "/opt/airflow/dags/Dagetl.py", line 15, in <module>
    from extract.extract import extract_weather
ModuleNotFoundError: No module named 'extract'
[2025-12-04T17:39:43.216+0000] {processor.py:842} WARNING - No viable dags retrieved from /opt/airflow/dags/Dagetl.py
[2025-12-04T17:39:43.240+0000] {processor.py:183} INFO - Processing /opt/airflow/dags/Dagetl.py took 0.046 seconds
[2025-12-04T17:40:13.360+0000] {processor.py:161} INFO - Started process (PID=60) to work on /opt/airflow/dags/Dagetl.py
[2025-12-04T17:40:13.361+0000] {processor.py:830} INFO - Processing file /opt/airflow/dags/Dagetl.py for tasks to queue
[2025-12-04T17:40:13.363+0000] {logging_mixin.py:188} INFO - [2025-12-04T17:40:13.363+0000] {dagbag.py:545} INFO - Filling up the DagBag from /opt/airflow/dags/Dagetl.py
[2025-12-04T17:40:13.378+0000] {logging_mixin.py:188} INFO - [2025-12-04T17:40:13.375+0000] {dagbag.py:355} ERROR - Failed to import: /opt/airflow/dags/Dagetl.py
Traceback (most recent call last):
  File "/home/airflow/.local/lib/python3.12/site-packages/airflow/models/dagbag.py", line 351, in parse
    loader.exec_module(new_module)
  File "<frozen importlib._bootstrap_external>", line 995, in exec_module
  File "<frozen importlib._bootstrap>", line 488, in _call_with_frames_removed
  File "/opt/airflow/dags/Dagetl.py", line 15, in <module>
    from extract.extract import extract_weather
ModuleNotFoundError: No module named 'extract'
[2025-12-04T17:40:13.379+0000] {processor.py:842} WARNING - No viable dags retrieved from /opt/airflow/dags/Dagetl.py
[2025-12-04T17:40:13.402+0000] {processor.py:183} INFO - Processing /opt/airflow/dags/Dagetl.py took 0.046 seconds
[2025-12-04T17:40:43.519+0000] {processor.py:161} INFO - Started process (PID=61) to work on /opt/airflow/dags/Dagetl.py
[2025-12-04T17:40:43.520+0000] {processor.py:830} INFO - Processing file /opt/airflow/dags/Dagetl.py for tasks to queue
[2025-12-04T17:40:43.522+0000] {logging_mixin.py:188} INFO - [2025-12-04T17:40:43.522+0000] {dagbag.py:545} INFO - Filling up the DagBag from /opt/airflow/dags/Dagetl.py
[2025-12-04T17:40:43.536+0000] {logging_mixin.py:188} INFO - [2025-12-04T17:40:43.533+0000] {dagbag.py:355} ERROR - Failed to import: /opt/airflow/dags/Dagetl.py
Traceback (most recent call last):
  File "/home/airflow/.local/lib/python3.12/site-packages/airflow/models/dagbag.py", line 351, in parse
    loader.exec_module(new_module)
  File "<frozen importlib._bootstrap_external>", line 995, in exec_module
  File "<frozen importlib._bootstrap>", line 488, in _call_with_frames_removed
  File "/opt/airflow/dags/Dagetl.py", line 15, in <module>
    from extract.extract import extract_weather
ModuleNotFoundError: No module named 'extract'
[2025-12-04T17:40:43.537+0000] {processor.py:842} WARNING - No viable dags retrieved from /opt/airflow/dags/Dagetl.py
[2025-12-04T17:40:43.559+0000] {processor.py:183} INFO - Processing /opt/airflow/dags/Dagetl.py took 0.045 seconds
[2025-12-04T17:41:13.688+0000] {processor.py:161} INFO - Started process (PID=62) to work on /opt/airflow/dags/Dagetl.py
[2025-12-04T17:41:13.689+0000] {processor.py:830} INFO - Processing file /opt/airflow/dags/Dagetl.py for tasks to queue
[2025-12-04T17:41:13.690+0000] {logging_mixin.py:188} INFO - [2025-12-04T17:41:13.690+0000] {dagbag.py:545} INFO - Filling up the DagBag from /opt/airflow/dags/Dagetl.py
[2025-12-04T17:41:13.704+0000] {logging_mixin.py:188} INFO - [2025-12-04T17:41:13.701+0000] {dagbag.py:355} ERROR - Failed to import: /opt/airflow/dags/Dagetl.py
Traceback (most recent call last):
  File "/home/airflow/.local/lib/python3.12/site-packages/airflow/models/dagbag.py", line 351, in parse
    loader.exec_module(new_module)
  File "<frozen importlib._bootstrap_external>", line 995, in exec_module
  File "<frozen importlib._bootstrap>", line 488, in _call_with_frames_removed
  File "/opt/airflow/dags/Dagetl.py", line 15, in <module>
    from extract.extract import extract_weather
ModuleNotFoundError: No module named 'extract'
[2025-12-04T17:41:13.705+0000] {processor.py:842} WARNING - No viable dags retrieved from /opt/airflow/dags/Dagetl.py
[2025-12-04T17:41:13.726+0000] {processor.py:183} INFO - Processing /opt/airflow/dags/Dagetl.py took 0.044 seconds
[2025-12-04T17:41:43.861+0000] {processor.py:161} INFO - Started process (PID=63) to work on /opt/airflow/dags/Dagetl.py
[2025-12-04T17:41:43.862+0000] {processor.py:830} INFO - Processing file /opt/airflow/dags/Dagetl.py for tasks to queue
[2025-12-04T17:41:43.864+0000] {logging_mixin.py:188} INFO - [2025-12-04T17:41:43.863+0000] {dagbag.py:545} INFO - Filling up the DagBag from /opt/airflow/dags/Dagetl.py
[2025-12-04T17:41:43.878+0000] {logging_mixin.py:188} INFO - [2025-12-04T17:41:43.875+0000] {dagbag.py:355} ERROR - Failed to import: /opt/airflow/dags/Dagetl.py
Traceback (most recent call last):
  File "/home/airflow/.local/lib/python3.12/site-packages/airflow/models/dagbag.py", line 351, in parse
    loader.exec_module(new_module)
  File "<frozen importlib._bootstrap_external>", line 995, in exec_module
  File "<frozen importlib._bootstrap>", line 488, in _call_with_frames_removed
  File "/opt/airflow/dags/Dagetl.py", line 15, in <module>
    from extract.extract import extract_weather
ModuleNotFoundError: No module named 'extract'
[2025-12-04T17:41:43.879+0000] {processor.py:842} WARNING - No viable dags retrieved from /opt/airflow/dags/Dagetl.py
[2025-12-04T17:41:43.898+0000] {processor.py:183} INFO - Processing /opt/airflow/dags/Dagetl.py took 0.041 seconds
[2025-12-04T17:42:14.027+0000] {processor.py:161} INFO - Started process (PID=64) to work on /opt/airflow/dags/Dagetl.py
[2025-12-04T17:42:14.028+0000] {processor.py:830} INFO - Processing file /opt/airflow/dags/Dagetl.py for tasks to queue
[2025-12-04T17:42:14.030+0000] {logging_mixin.py:188} INFO - [2025-12-04T17:42:14.030+0000] {dagbag.py:545} INFO - Filling up the DagBag from /opt/airflow/dags/Dagetl.py
[2025-12-04T17:42:14.045+0000] {logging_mixin.py:188} INFO - [2025-12-04T17:42:14.041+0000] {dagbag.py:355} ERROR - Failed to import: /opt/airflow/dags/Dagetl.py
Traceback (most recent call last):
  File "/home/airflow/.local/lib/python3.12/site-packages/airflow/models/dagbag.py", line 351, in parse
    loader.exec_module(new_module)
  File "<frozen importlib._bootstrap_external>", line 995, in exec_module
  File "<frozen importlib._bootstrap>", line 488, in _call_with_frames_removed
  File "/opt/airflow/dags/Dagetl.py", line 15, in <module>
    from extract.extract import extract_weather
ModuleNotFoundError: No module named 'extract'
[2025-12-04T17:42:14.046+0000] {processor.py:842} WARNING - No viable dags retrieved from /opt/airflow/dags/Dagetl.py
[2025-12-04T17:42:14.069+0000] {processor.py:183} INFO - Processing /opt/airflow/dags/Dagetl.py took 0.048 seconds
[2025-12-04T17:42:44.198+0000] {processor.py:161} INFO - Started process (PID=65) to work on /opt/airflow/dags/Dagetl.py
[2025-12-04T17:42:44.199+0000] {processor.py:830} INFO - Processing file /opt/airflow/dags/Dagetl.py for tasks to queue
[2025-12-04T17:42:44.201+0000] {logging_mixin.py:188} INFO - [2025-12-04T17:42:44.200+0000] {dagbag.py:545} INFO - Filling up the DagBag from /opt/airflow/dags/Dagetl.py
[2025-12-04T17:42:44.215+0000] {logging_mixin.py:188} INFO - [2025-12-04T17:42:44.211+0000] {dagbag.py:355} ERROR - Failed to import: /opt/airflow/dags/Dagetl.py
Traceback (most recent call last):
  File "/home/airflow/.local/lib/python3.12/site-packages/airflow/models/dagbag.py", line 351, in parse
    loader.exec_module(new_module)
  File "<frozen importlib._bootstrap_external>", line 995, in exec_module
  File "<frozen importlib._bootstrap>", line 488, in _call_with_frames_removed
  File "/opt/airflow/dags/Dagetl.py", line 15, in <module>
    from extract.extract import extract_weather
ModuleNotFoundError: No module named 'extract'
[2025-12-04T17:42:44.216+0000] {processor.py:842} WARNING - No viable dags retrieved from /opt/airflow/dags/Dagetl.py
[2025-12-04T17:42:44.238+0000] {processor.py:183} INFO - Processing /opt/airflow/dags/Dagetl.py took 0.046 seconds
[2025-12-04T17:43:14.378+0000] {processor.py:161} INFO - Started process (PID=66) to work on /opt/airflow/dags/Dagetl.py
[2025-12-04T17:43:14.379+0000] {processor.py:830} INFO - Processing file /opt/airflow/dags/Dagetl.py for tasks to queue
[2025-12-04T17:43:14.381+0000] {logging_mixin.py:188} INFO - [2025-12-04T17:43:14.380+0000] {dagbag.py:545} INFO - Filling up the DagBag from /opt/airflow/dags/Dagetl.py
[2025-12-04T17:43:14.395+0000] {logging_mixin.py:188} INFO - [2025-12-04T17:43:14.392+0000] {dagbag.py:355} ERROR - Failed to import: /opt/airflow/dags/Dagetl.py
Traceback (most recent call last):
  File "/home/airflow/.local/lib/python3.12/site-packages/airflow/models/dagbag.py", line 351, in parse
    loader.exec_module(new_module)
  File "<frozen importlib._bootstrap_external>", line 995, in exec_module
  File "<frozen importlib._bootstrap>", line 488, in _call_with_frames_removed
  File "/opt/airflow/dags/Dagetl.py", line 15, in <module>
    from extract.extract import extract_weather
ModuleNotFoundError: No module named 'extract'
[2025-12-04T17:43:14.396+0000] {processor.py:842} WARNING - No viable dags retrieved from /opt/airflow/dags/Dagetl.py
[2025-12-04T17:43:14.418+0000] {processor.py:183} INFO - Processing /opt/airflow/dags/Dagetl.py took 0.047 seconds
[2025-12-04T17:43:44.558+0000] {processor.py:161} INFO - Started process (PID=67) to work on /opt/airflow/dags/Dagetl.py
[2025-12-04T17:43:44.559+0000] {processor.py:830} INFO - Processing file /opt/airflow/dags/Dagetl.py for tasks to queue
[2025-12-04T17:43:44.561+0000] {logging_mixin.py:188} INFO - [2025-12-04T17:43:44.561+0000] {dagbag.py:545} INFO - Filling up the DagBag from /opt/airflow/dags/Dagetl.py
[2025-12-04T17:43:44.577+0000] {logging_mixin.py:188} INFO - [2025-12-04T17:43:44.574+0000] {dagbag.py:355} ERROR - Failed to import: /opt/airflow/dags/Dagetl.py
Traceback (most recent call last):
  File "/home/airflow/.local/lib/python3.12/site-packages/airflow/models/dagbag.py", line 351, in parse
    loader.exec_module(new_module)
  File "<frozen importlib._bootstrap_external>", line 995, in exec_module
  File "<frozen importlib._bootstrap>", line 488, in _call_with_frames_removed
  File "/opt/airflow/dags/Dagetl.py", line 15, in <module>
    from extract.extract import extract_weather
ModuleNotFoundError: No module named 'extract'
[2025-12-04T17:43:44.579+0000] {processor.py:842} WARNING - No viable dags retrieved from /opt/airflow/dags/Dagetl.py
[2025-12-04T17:43:44.605+0000] {processor.py:183} INFO - Processing /opt/airflow/dags/Dagetl.py took 0.055 seconds
[2025-12-04T17:44:14.725+0000] {processor.py:161} INFO - Started process (PID=68) to work on /opt/airflow/dags/Dagetl.py
[2025-12-04T17:44:14.726+0000] {processor.py:830} INFO - Processing file /opt/airflow/dags/Dagetl.py for tasks to queue
[2025-12-04T17:44:14.727+0000] {logging_mixin.py:188} INFO - [2025-12-04T17:44:14.727+0000] {dagbag.py:545} INFO - Filling up the DagBag from /opt/airflow/dags/Dagetl.py
[2025-12-04T17:44:14.742+0000] {logging_mixin.py:188} INFO - [2025-12-04T17:44:14.739+0000] {dagbag.py:355} ERROR - Failed to import: /opt/airflow/dags/Dagetl.py
Traceback (most recent call last):
  File "/home/airflow/.local/lib/python3.12/site-packages/airflow/models/dagbag.py", line 351, in parse
    loader.exec_module(new_module)
  File "<frozen importlib._bootstrap_external>", line 995, in exec_module
  File "<frozen importlib._bootstrap>", line 488, in _call_with_frames_removed
  File "/opt/airflow/dags/Dagetl.py", line 15, in <module>
    from extract.extract import extract_weather
ModuleNotFoundError: No module named 'extract'
[2025-12-04T17:44:14.743+0000] {processor.py:842} WARNING - No viable dags retrieved from /opt/airflow/dags/Dagetl.py
[2025-12-04T17:44:14.766+0000] {processor.py:183} INFO - Processing /opt/airflow/dags/Dagetl.py took 0.046 seconds
[2025-12-04T17:44:44.936+0000] {processor.py:161} INFO - Started process (PID=69) to work on /opt/airflow/dags/Dagetl.py
[2025-12-04T17:44:44.936+0000] {processor.py:830} INFO - Processing file /opt/airflow/dags/Dagetl.py for tasks to queue
[2025-12-04T17:44:44.938+0000] {logging_mixin.py:188} INFO - [2025-12-04T17:44:44.938+0000] {dagbag.py:545} INFO - Filling up the DagBag from /opt/airflow/dags/Dagetl.py
[2025-12-04T17:44:44.953+0000] {logging_mixin.py:188} INFO - [2025-12-04T17:44:44.950+0000] {dagbag.py:355} ERROR - Failed to import: /opt/airflow/dags/Dagetl.py
Traceback (most recent call last):
  File "/home/airflow/.local/lib/python3.12/site-packages/airflow/models/dagbag.py", line 351, in parse
    loader.exec_module(new_module)
  File "<frozen importlib._bootstrap_external>", line 995, in exec_module
  File "<frozen importlib._bootstrap>", line 488, in _call_with_frames_removed
  File "/opt/airflow/dags/Dagetl.py", line 15, in <module>
    from extract.extract import extract_weather
ModuleNotFoundError: No module named 'extract'
[2025-12-04T17:44:44.954+0000] {processor.py:842} WARNING - No viable dags retrieved from /opt/airflow/dags/Dagetl.py
[2025-12-04T17:44:44.977+0000] {processor.py:183} INFO - Processing /opt/airflow/dags/Dagetl.py took 0.047 seconds
[2025-12-04T17:45:15.115+0000] {processor.py:161} INFO - Started process (PID=70) to work on /opt/airflow/dags/Dagetl.py
[2025-12-04T17:45:15.116+0000] {processor.py:830} INFO - Processing file /opt/airflow/dags/Dagetl.py for tasks to queue
[2025-12-04T17:45:15.118+0000] {logging_mixin.py:188} INFO - [2025-12-04T17:45:15.118+0000] {dagbag.py:545} INFO - Filling up the DagBag from /opt/airflow/dags/Dagetl.py
[2025-12-04T17:45:15.133+0000] {logging_mixin.py:188} INFO - [2025-12-04T17:45:15.130+0000] {dagbag.py:355} ERROR - Failed to import: /opt/airflow/dags/Dagetl.py
Traceback (most recent call last):
  File "/home/airflow/.local/lib/python3.12/site-packages/airflow/models/dagbag.py", line 351, in parse
    loader.exec_module(new_module)
  File "<frozen importlib._bootstrap_external>", line 995, in exec_module
  File "<frozen importlib._bootstrap>", line 488, in _call_with_frames_removed
  File "/opt/airflow/dags/Dagetl.py", line 15, in <module>
    from extract.extract import extract_weather
ModuleNotFoundError: No module named 'extract'
[2025-12-04T17:45:15.135+0000] {processor.py:842} WARNING - No viable dags retrieved from /opt/airflow/dags/Dagetl.py
[2025-12-04T17:45:15.159+0000] {processor.py:183} INFO - Processing /opt/airflow/dags/Dagetl.py took 0.050 seconds
[2025-12-04T17:45:45.284+0000] {processor.py:161} INFO - Started process (PID=71) to work on /opt/airflow/dags/Dagetl.py
[2025-12-04T17:45:45.285+0000] {processor.py:830} INFO - Processing file /opt/airflow/dags/Dagetl.py for tasks to queue
[2025-12-04T17:45:45.287+0000] {logging_mixin.py:188} INFO - [2025-12-04T17:45:45.286+0000] {dagbag.py:545} INFO - Filling up the DagBag from /opt/airflow/dags/Dagetl.py
[2025-12-04T17:45:45.302+0000] {logging_mixin.py:188} INFO - [2025-12-04T17:45:45.299+0000] {dagbag.py:355} ERROR - Failed to import: /opt/airflow/dags/Dagetl.py
Traceback (most recent call last):
  File "/home/airflow/.local/lib/python3.12/site-packages/airflow/models/dagbag.py", line 351, in parse
    loader.exec_module(new_module)
  File "<frozen importlib._bootstrap_external>", line 995, in exec_module
  File "<frozen importlib._bootstrap>", line 488, in _call_with_frames_removed
  File "/opt/airflow/dags/Dagetl.py", line 15, in <module>
    from extract.extract import extract_weather
ModuleNotFoundError: No module named 'extract'
[2025-12-04T17:45:45.304+0000] {processor.py:842} WARNING - No viable dags retrieved from /opt/airflow/dags/Dagetl.py
[2025-12-04T17:45:45.325+0000] {processor.py:183} INFO - Processing /opt/airflow/dags/Dagetl.py took 0.046 seconds
[2025-12-04T17:46:15.470+0000] {processor.py:161} INFO - Started process (PID=72) to work on /opt/airflow/dags/Dagetl.py
[2025-12-04T17:46:15.471+0000] {processor.py:830} INFO - Processing file /opt/airflow/dags/Dagetl.py for tasks to queue
[2025-12-04T17:46:15.473+0000] {logging_mixin.py:188} INFO - [2025-12-04T17:46:15.472+0000] {dagbag.py:545} INFO - Filling up the DagBag from /opt/airflow/dags/Dagetl.py
[2025-12-04T17:46:15.487+0000] {logging_mixin.py:188} INFO - [2025-12-04T17:46:15.484+0000] {dagbag.py:355} ERROR - Failed to import: /opt/airflow/dags/Dagetl.py
Traceback (most recent call last):
  File "/home/airflow/.local/lib/python3.12/site-packages/airflow/models/dagbag.py", line 351, in parse
    loader.exec_module(new_module)
  File "<frozen importlib._bootstrap_external>", line 995, in exec_module
  File "<frozen importlib._bootstrap>", line 488, in _call_with_frames_removed
  File "/opt/airflow/dags/Dagetl.py", line 15, in <module>
    from extract.extract import extract_weather
ModuleNotFoundError: No module named 'extract'
[2025-12-04T17:46:15.488+0000] {processor.py:842} WARNING - No viable dags retrieved from /opt/airflow/dags/Dagetl.py
[2025-12-04T17:46:15.513+0000] {processor.py:183} INFO - Processing /opt/airflow/dags/Dagetl.py took 0.048 seconds
[2025-12-04T17:46:45.639+0000] {processor.py:161} INFO - Started process (PID=73) to work on /opt/airflow/dags/Dagetl.py
[2025-12-04T17:46:45.640+0000] {processor.py:830} INFO - Processing file /opt/airflow/dags/Dagetl.py for tasks to queue
[2025-12-04T17:46:45.641+0000] {logging_mixin.py:188} INFO - [2025-12-04T17:46:45.641+0000] {dagbag.py:545} INFO - Filling up the DagBag from /opt/airflow/dags/Dagetl.py
[2025-12-04T17:46:45.656+0000] {logging_mixin.py:188} INFO - [2025-12-04T17:46:45.653+0000] {dagbag.py:355} ERROR - Failed to import: /opt/airflow/dags/Dagetl.py
Traceback (most recent call last):
  File "/home/airflow/.local/lib/python3.12/site-packages/airflow/models/dagbag.py", line 351, in parse
    loader.exec_module(new_module)
  File "<frozen importlib._bootstrap_external>", line 995, in exec_module
  File "<frozen importlib._bootstrap>", line 488, in _call_with_frames_removed
  File "/opt/airflow/dags/Dagetl.py", line 15, in <module>
    from extract.extract import extract_weather
ModuleNotFoundError: No module named 'extract'
[2025-12-04T17:46:45.657+0000] {processor.py:842} WARNING - No viable dags retrieved from /opt/airflow/dags/Dagetl.py
[2025-12-04T17:46:45.680+0000] {processor.py:183} INFO - Processing /opt/airflow/dags/Dagetl.py took 0.045 seconds
[2025-12-04T17:47:15.811+0000] {processor.py:161} INFO - Started process (PID=74) to work on /opt/airflow/dags/Dagetl.py
[2025-12-04T17:47:15.811+0000] {processor.py:830} INFO - Processing file /opt/airflow/dags/Dagetl.py for tasks to queue
[2025-12-04T17:47:15.813+0000] {logging_mixin.py:188} INFO - [2025-12-04T17:47:15.813+0000] {dagbag.py:545} INFO - Filling up the DagBag from /opt/airflow/dags/Dagetl.py
[2025-12-04T17:47:15.828+0000] {logging_mixin.py:188} INFO - [2025-12-04T17:47:15.825+0000] {dagbag.py:355} ERROR - Failed to import: /opt/airflow/dags/Dagetl.py
Traceback (most recent call last):
  File "/home/airflow/.local/lib/python3.12/site-packages/airflow/models/dagbag.py", line 351, in parse
    loader.exec_module(new_module)
  File "<frozen importlib._bootstrap_external>", line 995, in exec_module
  File "<frozen importlib._bootstrap>", line 488, in _call_with_frames_removed
  File "/opt/airflow/dags/Dagetl.py", line 15, in <module>
    from extract.extract import extract_weather
ModuleNotFoundError: No module named 'extract'
[2025-12-04T17:47:15.829+0000] {processor.py:842} WARNING - No viable dags retrieved from /opt/airflow/dags/Dagetl.py
[2025-12-04T17:47:15.851+0000] {processor.py:183} INFO - Processing /opt/airflow/dags/Dagetl.py took 0.045 seconds
[2025-12-04T17:47:45.986+0000] {processor.py:161} INFO - Started process (PID=75) to work on /opt/airflow/dags/Dagetl.py
[2025-12-04T17:47:45.987+0000] {processor.py:830} INFO - Processing file /opt/airflow/dags/Dagetl.py for tasks to queue
[2025-12-04T17:47:45.989+0000] {logging_mixin.py:188} INFO - [2025-12-04T17:47:45.989+0000] {dagbag.py:545} INFO - Filling up the DagBag from /opt/airflow/dags/Dagetl.py
[2025-12-04T17:47:46.003+0000] {logging_mixin.py:188} INFO - [2025-12-04T17:47:46.000+0000] {dagbag.py:355} ERROR - Failed to import: /opt/airflow/dags/Dagetl.py
Traceback (most recent call last):
  File "/home/airflow/.local/lib/python3.12/site-packages/airflow/models/dagbag.py", line 351, in parse
    loader.exec_module(new_module)
  File "<frozen importlib._bootstrap_external>", line 995, in exec_module
  File "<frozen importlib._bootstrap>", line 488, in _call_with_frames_removed
  File "/opt/airflow/dags/Dagetl.py", line 15, in <module>
    from extract.extract import extract_weather
ModuleNotFoundError: No module named 'extract'
[2025-12-04T17:47:46.004+0000] {processor.py:842} WARNING - No viable dags retrieved from /opt/airflow/dags/Dagetl.py
[2025-12-04T17:47:46.026+0000] {processor.py:183} INFO - Processing /opt/airflow/dags/Dagetl.py took 0.044 seconds
[2025-12-04T17:48:16.166+0000] {processor.py:161} INFO - Started process (PID=76) to work on /opt/airflow/dags/Dagetl.py
[2025-12-04T17:48:16.167+0000] {processor.py:830} INFO - Processing file /opt/airflow/dags/Dagetl.py for tasks to queue
[2025-12-04T17:48:16.169+0000] {logging_mixin.py:188} INFO - [2025-12-04T17:48:16.168+0000] {dagbag.py:545} INFO - Filling up the DagBag from /opt/airflow/dags/Dagetl.py
[2025-12-04T17:48:16.184+0000] {logging_mixin.py:188} INFO - [2025-12-04T17:48:16.180+0000] {dagbag.py:355} ERROR - Failed to import: /opt/airflow/dags/Dagetl.py
Traceback (most recent call last):
  File "/home/airflow/.local/lib/python3.12/site-packages/airflow/models/dagbag.py", line 351, in parse
    loader.exec_module(new_module)
  File "<frozen importlib._bootstrap_external>", line 995, in exec_module
  File "<frozen importlib._bootstrap>", line 488, in _call_with_frames_removed
  File "/opt/airflow/dags/Dagetl.py", line 15, in <module>
    from extract.extract import extract_weather
ModuleNotFoundError: No module named 'extract'
[2025-12-04T17:48:16.185+0000] {processor.py:842} WARNING - No viable dags retrieved from /opt/airflow/dags/Dagetl.py
[2025-12-04T17:48:16.206+0000] {processor.py:183} INFO - Processing /opt/airflow/dags/Dagetl.py took 0.045 seconds
[2025-12-04T17:48:46.342+0000] {processor.py:161} INFO - Started process (PID=77) to work on /opt/airflow/dags/Dagetl.py
[2025-12-04T17:48:46.342+0000] {processor.py:830} INFO - Processing file /opt/airflow/dags/Dagetl.py for tasks to queue
[2025-12-04T17:48:46.345+0000] {logging_mixin.py:188} INFO - [2025-12-04T17:48:46.344+0000] {dagbag.py:545} INFO - Filling up the DagBag from /opt/airflow/dags/Dagetl.py
[2025-12-04T17:48:46.359+0000] {logging_mixin.py:188} INFO - [2025-12-04T17:48:46.356+0000] {dagbag.py:355} ERROR - Failed to import: /opt/airflow/dags/Dagetl.py
Traceback (most recent call last):
  File "/home/airflow/.local/lib/python3.12/site-packages/airflow/models/dagbag.py", line 351, in parse
    loader.exec_module(new_module)
  File "<frozen importlib._bootstrap_external>", line 995, in exec_module
  File "<frozen importlib._bootstrap>", line 488, in _call_with_frames_removed
  File "/opt/airflow/dags/Dagetl.py", line 15, in <module>
    from extract.extract import extract_weather
ModuleNotFoundError: No module named 'extract'
[2025-12-04T17:48:46.360+0000] {processor.py:842} WARNING - No viable dags retrieved from /opt/airflow/dags/Dagetl.py
[2025-12-04T17:48:46.384+0000] {processor.py:183} INFO - Processing /opt/airflow/dags/Dagetl.py took 0.048 seconds
[2025-12-04T17:49:16.517+0000] {processor.py:161} INFO - Started process (PID=78) to work on /opt/airflow/dags/Dagetl.py
[2025-12-04T17:49:16.518+0000] {processor.py:830} INFO - Processing file /opt/airflow/dags/Dagetl.py for tasks to queue
[2025-12-04T17:49:16.519+0000] {logging_mixin.py:188} INFO - [2025-12-04T17:49:16.519+0000] {dagbag.py:545} INFO - Filling up the DagBag from /opt/airflow/dags/Dagetl.py
[2025-12-04T17:49:16.534+0000] {logging_mixin.py:188} INFO - [2025-12-04T17:49:16.531+0000] {dagbag.py:355} ERROR - Failed to import: /opt/airflow/dags/Dagetl.py
Traceback (most recent call last):
  File "/home/airflow/.local/lib/python3.12/site-packages/airflow/models/dagbag.py", line 351, in parse
    loader.exec_module(new_module)
  File "<frozen importlib._bootstrap_external>", line 995, in exec_module
  File "<frozen importlib._bootstrap>", line 488, in _call_with_frames_removed
  File "/opt/airflow/dags/Dagetl.py", line 15, in <module>
    from extract.extract import extract_weather
ModuleNotFoundError: No module named 'extract'
[2025-12-04T17:49:16.535+0000] {processor.py:842} WARNING - No viable dags retrieved from /opt/airflow/dags/Dagetl.py
[2025-12-04T17:49:16.557+0000] {processor.py:183} INFO - Processing /opt/airflow/dags/Dagetl.py took 0.045 seconds
[2025-12-04T17:49:46.724+0000] {processor.py:161} INFO - Started process (PID=79) to work on /opt/airflow/dags/Dagetl.py
[2025-12-04T17:49:46.725+0000] {processor.py:830} INFO - Processing file /opt/airflow/dags/Dagetl.py for tasks to queue
[2025-12-04T17:49:46.727+0000] {logging_mixin.py:188} INFO - [2025-12-04T17:49:46.726+0000] {dagbag.py:545} INFO - Filling up the DagBag from /opt/airflow/dags/Dagetl.py
[2025-12-04T17:49:46.741+0000] {logging_mixin.py:188} INFO - [2025-12-04T17:49:46.738+0000] {dagbag.py:355} ERROR - Failed to import: /opt/airflow/dags/Dagetl.py
Traceback (most recent call last):
  File "/home/airflow/.local/lib/python3.12/site-packages/airflow/models/dagbag.py", line 351, in parse
    loader.exec_module(new_module)
  File "<frozen importlib._bootstrap_external>", line 995, in exec_module
  File "<frozen importlib._bootstrap>", line 488, in _call_with_frames_removed
  File "/opt/airflow/dags/Dagetl.py", line 15, in <module>
    from extract.extract import extract_weather
ModuleNotFoundError: No module named 'extract'
[2025-12-04T17:49:46.743+0000] {processor.py:842} WARNING - No viable dags retrieved from /opt/airflow/dags/Dagetl.py
[2025-12-04T17:49:46.764+0000] {processor.py:183} INFO - Processing /opt/airflow/dags/Dagetl.py took 0.045 seconds
[2025-12-04T17:50:16.899+0000] {processor.py:161} INFO - Started process (PID=80) to work on /opt/airflow/dags/Dagetl.py
[2025-12-04T17:50:16.900+0000] {processor.py:830} INFO - Processing file /opt/airflow/dags/Dagetl.py for tasks to queue
[2025-12-04T17:50:16.902+0000] {logging_mixin.py:188} INFO - [2025-12-04T17:50:16.902+0000] {dagbag.py:545} INFO - Filling up the DagBag from /opt/airflow/dags/Dagetl.py
[2025-12-04T17:50:16.916+0000] {logging_mixin.py:188} INFO - [2025-12-04T17:50:16.913+0000] {dagbag.py:355} ERROR - Failed to import: /opt/airflow/dags/Dagetl.py
Traceback (most recent call last):
  File "/home/airflow/.local/lib/python3.12/site-packages/airflow/models/dagbag.py", line 351, in parse
    loader.exec_module(new_module)
  File "<frozen importlib._bootstrap_external>", line 995, in exec_module
  File "<frozen importlib._bootstrap>", line 488, in _call_with_frames_removed
  File "/opt/airflow/dags/Dagetl.py", line 15, in <module>
    from extract.extract import extract_weather
ModuleNotFoundError: No module named 'extract'
[2025-12-04T17:50:16.918+0000] {processor.py:842} WARNING - No viable dags retrieved from /opt/airflow/dags/Dagetl.py
[2025-12-04T17:50:16.940+0000] {processor.py:183} INFO - Processing /opt/airflow/dags/Dagetl.py took 0.046 seconds
[2025-12-04T17:50:47.071+0000] {processor.py:161} INFO - Started process (PID=81) to work on /opt/airflow/dags/Dagetl.py
[2025-12-04T17:50:47.072+0000] {processor.py:830} INFO - Processing file /opt/airflow/dags/Dagetl.py for tasks to queue
[2025-12-04T17:50:47.074+0000] {logging_mixin.py:188} INFO - [2025-12-04T17:50:47.073+0000] {dagbag.py:545} INFO - Filling up the DagBag from /opt/airflow/dags/Dagetl.py
[2025-12-04T17:50:47.088+0000] {logging_mixin.py:188} INFO - [2025-12-04T17:50:47.085+0000] {dagbag.py:355} ERROR - Failed to import: /opt/airflow/dags/Dagetl.py
Traceback (most recent call last):
  File "/home/airflow/.local/lib/python3.12/site-packages/airflow/models/dagbag.py", line 351, in parse
    loader.exec_module(new_module)
  File "<frozen importlib._bootstrap_external>", line 995, in exec_module
  File "<frozen importlib._bootstrap>", line 488, in _call_with_frames_removed
  File "/opt/airflow/dags/Dagetl.py", line 15, in <module>
    from extract.extract import extract_weather
ModuleNotFoundError: No module named 'extract'
[2025-12-04T17:50:47.089+0000] {processor.py:842} WARNING - No viable dags retrieved from /opt/airflow/dags/Dagetl.py
[2025-12-04T17:50:47.110+0000] {processor.py:183} INFO - Processing /opt/airflow/dags/Dagetl.py took 0.044 seconds
[2025-12-04T17:51:17.237+0000] {processor.py:161} INFO - Started process (PID=82) to work on /opt/airflow/dags/Dagetl.py
[2025-12-04T17:51:17.237+0000] {processor.py:830} INFO - Processing file /opt/airflow/dags/Dagetl.py for tasks to queue
[2025-12-04T17:51:17.239+0000] {logging_mixin.py:188} INFO - [2025-12-04T17:51:17.239+0000] {dagbag.py:545} INFO - Filling up the DagBag from /opt/airflow/dags/Dagetl.py
[2025-12-04T17:51:17.253+0000] {logging_mixin.py:188} INFO - [2025-12-04T17:51:17.250+0000] {dagbag.py:355} ERROR - Failed to import: /opt/airflow/dags/Dagetl.py
Traceback (most recent call last):
  File "/home/airflow/.local/lib/python3.12/site-packages/airflow/models/dagbag.py", line 351, in parse
    loader.exec_module(new_module)
  File "<frozen importlib._bootstrap_external>", line 995, in exec_module
  File "<frozen importlib._bootstrap>", line 488, in _call_with_frames_removed
  File "/opt/airflow/dags/Dagetl.py", line 15, in <module>
    from extract.extract import extract_weather
ModuleNotFoundError: No module named 'extract'
[2025-12-04T17:51:17.254+0000] {processor.py:842} WARNING - No viable dags retrieved from /opt/airflow/dags/Dagetl.py
[2025-12-04T17:51:17.274+0000] {processor.py:183} INFO - Processing /opt/airflow/dags/Dagetl.py took 0.042 seconds
[2025-12-04T17:51:47.404+0000] {processor.py:161} INFO - Started process (PID=83) to work on /opt/airflow/dags/Dagetl.py
[2025-12-04T17:51:47.405+0000] {processor.py:830} INFO - Processing file /opt/airflow/dags/Dagetl.py for tasks to queue
[2025-12-04T17:51:47.407+0000] {logging_mixin.py:188} INFO - [2025-12-04T17:51:47.407+0000] {dagbag.py:545} INFO - Filling up the DagBag from /opt/airflow/dags/Dagetl.py
[2025-12-04T17:51:47.421+0000] {logging_mixin.py:188} INFO - [2025-12-04T17:51:47.418+0000] {dagbag.py:355} ERROR - Failed to import: /opt/airflow/dags/Dagetl.py
Traceback (most recent call last):
  File "/home/airflow/.local/lib/python3.12/site-packages/airflow/models/dagbag.py", line 351, in parse
    loader.exec_module(new_module)
  File "<frozen importlib._bootstrap_external>", line 995, in exec_module
  File "<frozen importlib._bootstrap>", line 488, in _call_with_frames_removed
  File "/opt/airflow/dags/Dagetl.py", line 15, in <module>
    from extract.extract import extract_weather
ModuleNotFoundError: No module named 'extract'
[2025-12-04T17:51:47.422+0000] {processor.py:842} WARNING - No viable dags retrieved from /opt/airflow/dags/Dagetl.py
[2025-12-04T17:51:47.443+0000] {processor.py:183} INFO - Processing /opt/airflow/dags/Dagetl.py took 0.044 seconds
[2025-12-04T17:52:17.567+0000] {processor.py:161} INFO - Started process (PID=84) to work on /opt/airflow/dags/Dagetl.py
[2025-12-04T17:52:17.568+0000] {processor.py:830} INFO - Processing file /opt/airflow/dags/Dagetl.py for tasks to queue
[2025-12-04T17:52:17.570+0000] {logging_mixin.py:188} INFO - [2025-12-04T17:52:17.570+0000] {dagbag.py:545} INFO - Filling up the DagBag from /opt/airflow/dags/Dagetl.py
[2025-12-04T17:52:17.585+0000] {logging_mixin.py:188} INFO - [2025-12-04T17:52:17.582+0000] {dagbag.py:355} ERROR - Failed to import: /opt/airflow/dags/Dagetl.py
Traceback (most recent call last):
  File "/home/airflow/.local/lib/python3.12/site-packages/airflow/models/dagbag.py", line 351, in parse
    loader.exec_module(new_module)
  File "<frozen importlib._bootstrap_external>", line 995, in exec_module
  File "<frozen importlib._bootstrap>", line 488, in _call_with_frames_removed
  File "/opt/airflow/dags/Dagetl.py", line 15, in <module>
    from extract.extract import extract_weather
ModuleNotFoundError: No module named 'extract'
[2025-12-04T17:52:17.586+0000] {processor.py:842} WARNING - No viable dags retrieved from /opt/airflow/dags/Dagetl.py
[2025-12-04T17:52:17.608+0000] {processor.py:183} INFO - Processing /opt/airflow/dags/Dagetl.py took 0.046 seconds
[2025-12-04T17:52:47.740+0000] {processor.py:161} INFO - Started process (PID=85) to work on /opt/airflow/dags/Dagetl.py
[2025-12-04T17:52:47.741+0000] {processor.py:830} INFO - Processing file /opt/airflow/dags/Dagetl.py for tasks to queue
[2025-12-04T17:52:47.743+0000] {logging_mixin.py:188} INFO - [2025-12-04T17:52:47.743+0000] {dagbag.py:545} INFO - Filling up the DagBag from /opt/airflow/dags/Dagetl.py
[2025-12-04T17:52:47.758+0000] {logging_mixin.py:188} INFO - [2025-12-04T17:52:47.755+0000] {dagbag.py:355} ERROR - Failed to import: /opt/airflow/dags/Dagetl.py
Traceback (most recent call last):
  File "/home/airflow/.local/lib/python3.12/site-packages/airflow/models/dagbag.py", line 351, in parse
    loader.exec_module(new_module)
  File "<frozen importlib._bootstrap_external>", line 995, in exec_module
  File "<frozen importlib._bootstrap>", line 488, in _call_with_frames_removed
  File "/opt/airflow/dags/Dagetl.py", line 15, in <module>
    from extract.extract import extract_weather
ModuleNotFoundError: No module named 'extract'
[2025-12-04T17:52:47.760+0000] {processor.py:842} WARNING - No viable dags retrieved from /opt/airflow/dags/Dagetl.py
[2025-12-04T17:52:47.782+0000] {processor.py:183} INFO - Processing /opt/airflow/dags/Dagetl.py took 0.047 seconds
[2025-12-04T17:53:17.904+0000] {processor.py:161} INFO - Started process (PID=86) to work on /opt/airflow/dags/Dagetl.py
[2025-12-04T17:53:17.905+0000] {processor.py:830} INFO - Processing file /opt/airflow/dags/Dagetl.py for tasks to queue
[2025-12-04T17:53:17.907+0000] {logging_mixin.py:188} INFO - [2025-12-04T17:53:17.907+0000] {dagbag.py:545} INFO - Filling up the DagBag from /opt/airflow/dags/Dagetl.py
[2025-12-04T17:53:17.921+0000] {logging_mixin.py:188} INFO - [2025-12-04T17:53:17.918+0000] {dagbag.py:355} ERROR - Failed to import: /opt/airflow/dags/Dagetl.py
Traceback (most recent call last):
  File "/home/airflow/.local/lib/python3.12/site-packages/airflow/models/dagbag.py", line 351, in parse
    loader.exec_module(new_module)
  File "<frozen importlib._bootstrap_external>", line 995, in exec_module
  File "<frozen importlib._bootstrap>", line 488, in _call_with_frames_removed
  File "/opt/airflow/dags/Dagetl.py", line 15, in <module>
    from extract.extract import extract_weather
ModuleNotFoundError: No module named 'extract'
[2025-12-04T17:53:17.922+0000] {processor.py:842} WARNING - No viable dags retrieved from /opt/airflow/dags/Dagetl.py
[2025-12-04T17:53:17.943+0000] {processor.py:183} INFO - Processing /opt/airflow/dags/Dagetl.py took 0.044 seconds
[2025-12-04T17:53:48.081+0000] {processor.py:161} INFO - Started process (PID=87) to work on /opt/airflow/dags/Dagetl.py
[2025-12-04T17:53:48.082+0000] {processor.py:830} INFO - Processing file /opt/airflow/dags/Dagetl.py for tasks to queue
[2025-12-04T17:53:48.085+0000] {logging_mixin.py:188} INFO - [2025-12-04T17:53:48.084+0000] {dagbag.py:545} INFO - Filling up the DagBag from /opt/airflow/dags/Dagetl.py
[2025-12-04T17:53:48.099+0000] {logging_mixin.py:188} INFO - [2025-12-04T17:53:48.095+0000] {dagbag.py:355} ERROR - Failed to import: /opt/airflow/dags/Dagetl.py
Traceback (most recent call last):
  File "/home/airflow/.local/lib/python3.12/site-packages/airflow/models/dagbag.py", line 351, in parse
    loader.exec_module(new_module)
  File "<frozen importlib._bootstrap_external>", line 995, in exec_module
  File "<frozen importlib._bootstrap>", line 488, in _call_with_frames_removed
  File "/opt/airflow/dags/Dagetl.py", line 15, in <module>
    from extract.extract import extract_weather
ModuleNotFoundError: No module named 'extract'
[2025-12-04T17:53:48.100+0000] {processor.py:842} WARNING - No viable dags retrieved from /opt/airflow/dags/Dagetl.py
[2025-12-04T17:53:48.122+0000] {processor.py:183} INFO - Processing /opt/airflow/dags/Dagetl.py took 0.046 seconds
[2025-12-04T17:54:18.247+0000] {processor.py:161} INFO - Started process (PID=88) to work on /opt/airflow/dags/Dagetl.py
[2025-12-04T17:54:18.248+0000] {processor.py:830} INFO - Processing file /opt/airflow/dags/Dagetl.py for tasks to queue
[2025-12-04T17:54:18.250+0000] {logging_mixin.py:188} INFO - [2025-12-04T17:54:18.249+0000] {dagbag.py:545} INFO - Filling up the DagBag from /opt/airflow/dags/Dagetl.py
[2025-12-04T17:54:18.263+0000] {logging_mixin.py:188} INFO - [2025-12-04T17:54:18.260+0000] {dagbag.py:355} ERROR - Failed to import: /opt/airflow/dags/Dagetl.py
Traceback (most recent call last):
  File "/home/airflow/.local/lib/python3.12/site-packages/airflow/models/dagbag.py", line 351, in parse
    loader.exec_module(new_module)
  File "<frozen importlib._bootstrap_external>", line 995, in exec_module
  File "<frozen importlib._bootstrap>", line 488, in _call_with_frames_removed
  File "/opt/airflow/dags/Dagetl.py", line 15, in <module>
    from extract.extract import extract_weather
ModuleNotFoundError: No module named 'extract'
[2025-12-04T17:54:18.264+0000] {processor.py:842} WARNING - No viable dags retrieved from /opt/airflow/dags/Dagetl.py
[2025-12-04T17:54:18.284+0000] {processor.py:183} INFO - Processing /opt/airflow/dags/Dagetl.py took 0.042 seconds
[2025-12-04T17:54:48.447+0000] {processor.py:161} INFO - Started process (PID=89) to work on /opt/airflow/dags/Dagetl.py
[2025-12-04T17:54:48.448+0000] {processor.py:830} INFO - Processing file /opt/airflow/dags/Dagetl.py for tasks to queue
[2025-12-04T17:54:48.450+0000] {logging_mixin.py:188} INFO - [2025-12-04T17:54:48.450+0000] {dagbag.py:545} INFO - Filling up the DagBag from /opt/airflow/dags/Dagetl.py
[2025-12-04T17:54:48.465+0000] {logging_mixin.py:188} INFO - [2025-12-04T17:54:48.462+0000] {dagbag.py:355} ERROR - Failed to import: /opt/airflow/dags/Dagetl.py
Traceback (most recent call last):
  File "/home/airflow/.local/lib/python3.12/site-packages/airflow/models/dagbag.py", line 351, in parse
    loader.exec_module(new_module)
  File "<frozen importlib._bootstrap_external>", line 995, in exec_module
  File "<frozen importlib._bootstrap>", line 488, in _call_with_frames_removed
  File "/opt/airflow/dags/Dagetl.py", line 15, in <module>
    from extract.extract import extract_weather
ModuleNotFoundError: No module named 'extract'
[2025-12-04T17:54:48.466+0000] {processor.py:842} WARNING - No viable dags retrieved from /opt/airflow/dags/Dagetl.py
[2025-12-04T17:54:48.489+0000] {processor.py:183} INFO - Processing /opt/airflow/dags/Dagetl.py took 0.047 seconds
[2025-12-04T17:55:18.622+0000] {processor.py:161} INFO - Started process (PID=90) to work on /opt/airflow/dags/Dagetl.py
[2025-12-04T17:55:18.623+0000] {processor.py:830} INFO - Processing file /opt/airflow/dags/Dagetl.py for tasks to queue
[2025-12-04T17:55:18.625+0000] {logging_mixin.py:188} INFO - [2025-12-04T17:55:18.625+0000] {dagbag.py:545} INFO - Filling up the DagBag from /opt/airflow/dags/Dagetl.py
[2025-12-04T17:55:18.639+0000] {logging_mixin.py:188} INFO - [2025-12-04T17:55:18.636+0000] {dagbag.py:355} ERROR - Failed to import: /opt/airflow/dags/Dagetl.py
Traceback (most recent call last):
  File "/home/airflow/.local/lib/python3.12/site-packages/airflow/models/dagbag.py", line 351, in parse
    loader.exec_module(new_module)
  File "<frozen importlib._bootstrap_external>", line 995, in exec_module
  File "<frozen importlib._bootstrap>", line 488, in _call_with_frames_removed
  File "/opt/airflow/dags/Dagetl.py", line 15, in <module>
    from extract.extract import extract_weather
ModuleNotFoundError: No module named 'extract'
[2025-12-04T17:55:18.640+0000] {processor.py:842} WARNING - No viable dags retrieved from /opt/airflow/dags/Dagetl.py
[2025-12-04T17:55:18.661+0000] {processor.py:183} INFO - Processing /opt/airflow/dags/Dagetl.py took 0.045 seconds
[2025-12-04T17:55:48.800+0000] {processor.py:161} INFO - Started process (PID=91) to work on /opt/airflow/dags/Dagetl.py
[2025-12-04T17:55:48.800+0000] {processor.py:830} INFO - Processing file /opt/airflow/dags/Dagetl.py for tasks to queue
[2025-12-04T17:55:48.803+0000] {logging_mixin.py:188} INFO - [2025-12-04T17:55:48.802+0000] {dagbag.py:545} INFO - Filling up the DagBag from /opt/airflow/dags/Dagetl.py
[2025-12-04T17:55:48.817+0000] {logging_mixin.py:188} INFO - [2025-12-04T17:55:48.814+0000] {dagbag.py:355} ERROR - Failed to import: /opt/airflow/dags/Dagetl.py
Traceback (most recent call last):
  File "/home/airflow/.local/lib/python3.12/site-packages/airflow/models/dagbag.py", line 351, in parse
    loader.exec_module(new_module)
  File "<frozen importlib._bootstrap_external>", line 995, in exec_module
  File "<frozen importlib._bootstrap>", line 488, in _call_with_frames_removed
  File "/opt/airflow/dags/Dagetl.py", line 15, in <module>
    from extract.extract import extract_weather
ModuleNotFoundError: No module named 'extract'
[2025-12-04T17:55:48.819+0000] {processor.py:842} WARNING - No viable dags retrieved from /opt/airflow/dags/Dagetl.py
[2025-12-04T17:55:48.840+0000] {processor.py:183} INFO - Processing /opt/airflow/dags/Dagetl.py took 0.047 seconds
[2025-12-04T17:56:18.972+0000] {processor.py:161} INFO - Started process (PID=92) to work on /opt/airflow/dags/Dagetl.py
[2025-12-04T17:56:18.973+0000] {processor.py:830} INFO - Processing file /opt/airflow/dags/Dagetl.py for tasks to queue
[2025-12-04T17:56:18.975+0000] {logging_mixin.py:188} INFO - [2025-12-04T17:56:18.975+0000] {dagbag.py:545} INFO - Filling up the DagBag from /opt/airflow/dags/Dagetl.py
[2025-12-04T17:56:18.990+0000] {logging_mixin.py:188} INFO - [2025-12-04T17:56:18.987+0000] {dagbag.py:355} ERROR - Failed to import: /opt/airflow/dags/Dagetl.py
Traceback (most recent call last):
  File "/home/airflow/.local/lib/python3.12/site-packages/airflow/models/dagbag.py", line 351, in parse
    loader.exec_module(new_module)
  File "<frozen importlib._bootstrap_external>", line 995, in exec_module
  File "<frozen importlib._bootstrap>", line 488, in _call_with_frames_removed
  File "/opt/airflow/dags/Dagetl.py", line 15, in <module>
    from extract.extract import extract_weather
ModuleNotFoundError: No module named 'extract'
[2025-12-04T17:56:18.991+0000] {processor.py:842} WARNING - No viable dags retrieved from /opt/airflow/dags/Dagetl.py
[2025-12-04T17:56:19.014+0000] {processor.py:183} INFO - Processing /opt/airflow/dags/Dagetl.py took 0.047 seconds
[2025-12-04T17:56:49.149+0000] {processor.py:161} INFO - Started process (PID=93) to work on /opt/airflow/dags/Dagetl.py
[2025-12-04T17:56:49.150+0000] {processor.py:830} INFO - Processing file /opt/airflow/dags/Dagetl.py for tasks to queue
[2025-12-04T17:56:49.152+0000] {logging_mixin.py:188} INFO - [2025-12-04T17:56:49.152+0000] {dagbag.py:545} INFO - Filling up the DagBag from /opt/airflow/dags/Dagetl.py
[2025-12-04T17:56:49.167+0000] {logging_mixin.py:188} INFO - [2025-12-04T17:56:49.164+0000] {dagbag.py:355} ERROR - Failed to import: /opt/airflow/dags/Dagetl.py
Traceback (most recent call last):
  File "/home/airflow/.local/lib/python3.12/site-packages/airflow/models/dagbag.py", line 351, in parse
    loader.exec_module(new_module)
  File "<frozen importlib._bootstrap_external>", line 995, in exec_module
  File "<frozen importlib._bootstrap>", line 488, in _call_with_frames_removed
  File "/opt/airflow/dags/Dagetl.py", line 15, in <module>
    from extract.extract import extract_weather
ModuleNotFoundError: No module named 'extract'
[2025-12-04T17:56:49.168+0000] {processor.py:842} WARNING - No viable dags retrieved from /opt/airflow/dags/Dagetl.py
[2025-12-04T17:56:49.189+0000] {processor.py:183} INFO - Processing /opt/airflow/dags/Dagetl.py took 0.046 seconds
[2025-12-04T17:57:19.328+0000] {processor.py:161} INFO - Started process (PID=94) to work on /opt/airflow/dags/Dagetl.py
[2025-12-04T17:57:19.328+0000] {processor.py:830} INFO - Processing file /opt/airflow/dags/Dagetl.py for tasks to queue
[2025-12-04T17:57:19.331+0000] {logging_mixin.py:188} INFO - [2025-12-04T17:57:19.330+0000] {dagbag.py:545} INFO - Filling up the DagBag from /opt/airflow/dags/Dagetl.py
[2025-12-04T17:57:19.345+0000] {logging_mixin.py:188} INFO - [2025-12-04T17:57:19.342+0000] {dagbag.py:355} ERROR - Failed to import: /opt/airflow/dags/Dagetl.py
Traceback (most recent call last):
  File "/home/airflow/.local/lib/python3.12/site-packages/airflow/models/dagbag.py", line 351, in parse
    loader.exec_module(new_module)
  File "<frozen importlib._bootstrap_external>", line 995, in exec_module
  File "<frozen importlib._bootstrap>", line 488, in _call_with_frames_removed
  File "/opt/airflow/dags/Dagetl.py", line 15, in <module>
    from extract.extract import extract_weather
ModuleNotFoundError: No module named 'extract'
[2025-12-04T17:57:19.346+0000] {processor.py:842} WARNING - No viable dags retrieved from /opt/airflow/dags/Dagetl.py
[2025-12-04T17:57:19.369+0000] {processor.py:183} INFO - Processing /opt/airflow/dags/Dagetl.py took 0.047 seconds
[2025-12-04T17:57:49.498+0000] {processor.py:161} INFO - Started process (PID=95) to work on /opt/airflow/dags/Dagetl.py
[2025-12-04T17:57:49.499+0000] {processor.py:830} INFO - Processing file /opt/airflow/dags/Dagetl.py for tasks to queue
[2025-12-04T17:57:49.501+0000] {logging_mixin.py:188} INFO - [2025-12-04T17:57:49.500+0000] {dagbag.py:545} INFO - Filling up the DagBag from /opt/airflow/dags/Dagetl.py
[2025-12-04T17:57:49.514+0000] {logging_mixin.py:188} INFO - [2025-12-04T17:57:49.511+0000] {dagbag.py:355} ERROR - Failed to import: /opt/airflow/dags/Dagetl.py
Traceback (most recent call last):
  File "/home/airflow/.local/lib/python3.12/site-packages/airflow/models/dagbag.py", line 351, in parse
    loader.exec_module(new_module)
  File "<frozen importlib._bootstrap_external>", line 995, in exec_module
  File "<frozen importlib._bootstrap>", line 488, in _call_with_frames_removed
  File "/opt/airflow/dags/Dagetl.py", line 15, in <module>
    from extract.extract import extract_weather
ModuleNotFoundError: No module named 'extract'
[2025-12-04T17:57:49.515+0000] {processor.py:842} WARNING - No viable dags retrieved from /opt/airflow/dags/Dagetl.py
[2025-12-04T17:57:49.537+0000] {processor.py:183} INFO - Processing /opt/airflow/dags/Dagetl.py took 0.045 seconds
[2025-12-04T17:58:19.676+0000] {processor.py:161} INFO - Started process (PID=96) to work on /opt/airflow/dags/Dagetl.py
[2025-12-04T17:58:19.676+0000] {processor.py:830} INFO - Processing file /opt/airflow/dags/Dagetl.py for tasks to queue
[2025-12-04T17:58:19.678+0000] {logging_mixin.py:188} INFO - [2025-12-04T17:58:19.678+0000] {dagbag.py:545} INFO - Filling up the DagBag from /opt/airflow/dags/Dagetl.py
[2025-12-04T17:58:19.693+0000] {logging_mixin.py:188} INFO - [2025-12-04T17:58:19.690+0000] {dagbag.py:355} ERROR - Failed to import: /opt/airflow/dags/Dagetl.py
Traceback (most recent call last):
  File "/home/airflow/.local/lib/python3.12/site-packages/airflow/models/dagbag.py", line 351, in parse
    loader.exec_module(new_module)
  File "<frozen importlib._bootstrap_external>", line 995, in exec_module
  File "<frozen importlib._bootstrap>", line 488, in _call_with_frames_removed
  File "/opt/airflow/dags/Dagetl.py", line 15, in <module>
    from extract.extract import extract_weather
ModuleNotFoundError: No module named 'extract'
[2025-12-04T17:58:19.694+0000] {processor.py:842} WARNING - No viable dags retrieved from /opt/airflow/dags/Dagetl.py
[2025-12-04T17:58:19.715+0000] {processor.py:183} INFO - Processing /opt/airflow/dags/Dagetl.py took 0.045 seconds
[2025-12-04T17:58:49.848+0000] {processor.py:161} INFO - Started process (PID=97) to work on /opt/airflow/dags/Dagetl.py
[2025-12-04T17:58:49.848+0000] {processor.py:830} INFO - Processing file /opt/airflow/dags/Dagetl.py for tasks to queue
[2025-12-04T17:58:49.850+0000] {logging_mixin.py:188} INFO - [2025-12-04T17:58:49.850+0000] {dagbag.py:545} INFO - Filling up the DagBag from /opt/airflow/dags/Dagetl.py
[2025-12-04T17:58:49.865+0000] {logging_mixin.py:188} INFO - [2025-12-04T17:58:49.861+0000] {dagbag.py:355} ERROR - Failed to import: /opt/airflow/dags/Dagetl.py
Traceback (most recent call last):
  File "/home/airflow/.local/lib/python3.12/site-packages/airflow/models/dagbag.py", line 351, in parse
    loader.exec_module(new_module)
  File "<frozen importlib._bootstrap_external>", line 995, in exec_module
  File "<frozen importlib._bootstrap>", line 488, in _call_with_frames_removed
  File "/opt/airflow/dags/Dagetl.py", line 15, in <module>
    from extract.extract import extract_weather
ModuleNotFoundError: No module named 'extract'
[2025-12-04T17:58:49.866+0000] {processor.py:842} WARNING - No viable dags retrieved from /opt/airflow/dags/Dagetl.py
[2025-12-04T17:58:49.889+0000] {processor.py:183} INFO - Processing /opt/airflow/dags/Dagetl.py took 0.048 seconds
[2025-12-04T17:59:20.020+0000] {processor.py:161} INFO - Started process (PID=98) to work on /opt/airflow/dags/Dagetl.py
[2025-12-04T17:59:20.021+0000] {processor.py:830} INFO - Processing file /opt/airflow/dags/Dagetl.py for tasks to queue
[2025-12-04T17:59:20.023+0000] {logging_mixin.py:188} INFO - [2025-12-04T17:59:20.023+0000] {dagbag.py:545} INFO - Filling up the DagBag from /opt/airflow/dags/Dagetl.py
[2025-12-04T17:59:20.038+0000] {logging_mixin.py:188} INFO - [2025-12-04T17:59:20.035+0000] {dagbag.py:355} ERROR - Failed to import: /opt/airflow/dags/Dagetl.py
Traceback (most recent call last):
  File "/home/airflow/.local/lib/python3.12/site-packages/airflow/models/dagbag.py", line 351, in parse
    loader.exec_module(new_module)
  File "<frozen importlib._bootstrap_external>", line 995, in exec_module
  File "<frozen importlib._bootstrap>", line 488, in _call_with_frames_removed
  File "/opt/airflow/dags/Dagetl.py", line 15, in <module>
    from extract.extract import extract_weather
ModuleNotFoundError: No module named 'extract'
[2025-12-04T17:59:20.039+0000] {processor.py:842} WARNING - No viable dags retrieved from /opt/airflow/dags/Dagetl.py
[2025-12-04T17:59:20.060+0000] {processor.py:183} INFO - Processing /opt/airflow/dags/Dagetl.py took 0.047 seconds
[2025-12-04T17:59:50.221+0000] {processor.py:161} INFO - Started process (PID=99) to work on /opt/airflow/dags/Dagetl.py
[2025-12-04T17:59:50.222+0000] {processor.py:830} INFO - Processing file /opt/airflow/dags/Dagetl.py for tasks to queue
[2025-12-04T17:59:50.224+0000] {logging_mixin.py:188} INFO - [2025-12-04T17:59:50.224+0000] {dagbag.py:545} INFO - Filling up the DagBag from /opt/airflow/dags/Dagetl.py
[2025-12-04T17:59:50.238+0000] {logging_mixin.py:188} INFO - [2025-12-04T17:59:50.235+0000] {dagbag.py:355} ERROR - Failed to import: /opt/airflow/dags/Dagetl.py
Traceback (most recent call last):
  File "/home/airflow/.local/lib/python3.12/site-packages/airflow/models/dagbag.py", line 351, in parse
    loader.exec_module(new_module)
  File "<frozen importlib._bootstrap_external>", line 995, in exec_module
  File "<frozen importlib._bootstrap>", line 488, in _call_with_frames_removed
  File "/opt/airflow/dags/Dagetl.py", line 15, in <module>
    from extract.extract import extract_weather
ModuleNotFoundError: No module named 'extract'
[2025-12-04T17:59:50.239+0000] {processor.py:842} WARNING - No viable dags retrieved from /opt/airflow/dags/Dagetl.py
[2025-12-04T17:59:50.262+0000] {processor.py:183} INFO - Processing /opt/airflow/dags/Dagetl.py took 0.046 seconds
