[2025-12-15T12:54:08.097+0000] {local_task_job_runner.py:120} INFO - ::group::Pre task execution logs
[2025-12-15T12:54:08.119+0000] {taskinstance.py:2076} INFO - Dependencies all met for dep_context=non-requeueable deps ti=<TaskInstance: etl_clima_movilidad.load_postgres manual__2025-12-15T12:53:55.035562+00:00 [queued]>
[2025-12-15T12:54:08.127+0000] {taskinstance.py:2076} INFO - Dependencies all met for dep_context=requeueable deps ti=<TaskInstance: etl_clima_movilidad.load_postgres manual__2025-12-15T12:53:55.035562+00:00 [queued]>
[2025-12-15T12:54:08.128+0000] {taskinstance.py:2306} INFO - Starting attempt 1 of 2
[2025-12-15T12:54:08.139+0000] {taskinstance.py:2330} INFO - Executing <Task(PythonOperator): load_postgres> on 2025-12-15 12:53:55.035562+00:00
[2025-12-15T12:54:08.151+0000] {standard_task_runner.py:90} INFO - Running: ['***', 'tasks', 'run', 'etl_clima_movilidad', 'load_postgres', 'manual__2025-12-15T12:53:55.035562+00:00', '--job-id', '127', '--raw', '--subdir', 'DAGS_FOLDER/Dagetl.py', '--cfg-path', '/tmp/tmp9canrqb_']
[2025-12-15T12:54:08.154+0000] {logging_mixin.py:188} WARNING - /home/***/.local/lib/python3.12/site-packages/***/task/task_runner/standard_task_runner.py:61 DeprecationWarning: This process (pid=115) is multi-threaded, use of fork() may lead to deadlocks in the child.
[2025-12-15T12:54:08.154+0000] {standard_task_runner.py:91} INFO - Job 127: Subtask load_postgres
[2025-12-15T12:54:08.154+0000] {standard_task_runner.py:63} INFO - Started process 128 to run task
[2025-12-15T12:54:08.215+0000] {task_command.py:426} INFO - Running <TaskInstance: etl_clima_movilidad.load_postgres manual__2025-12-15T12:53:55.035562+00:00 [running]> on host 2b89330dc68f
[2025-12-15T12:54:08.294+0000] {taskinstance.py:2648} INFO - Exporting env vars: AIRFLOW_CTX_DAG_OWNER='matias' AIRFLOW_CTX_DAG_ID='etl_clima_movilidad' AIRFLOW_CTX_TASK_ID='load_postgres' AIRFLOW_CTX_EXECUTION_DATE='2025-12-15T12:53:55.035562+00:00' AIRFLOW_CTX_TRY_NUMBER='1' AIRFLOW_CTX_DAG_RUN_ID='manual__2025-12-15T12:53:55.035562+00:00'
[2025-12-15T12:54:08.294+0000] {taskinstance.py:430} INFO - ::endgroup::
[2025-12-15T12:54:08.305+0000] {logging_mixin.py:188} INFO - Iniciando carga a Base de Datos...
[2025-12-15T12:54:08.434+0000] {logging_mixin.py:188} INFO - CSV descargado. Filas a insertar: 168
[2025-12-15T12:54:08.491+0000] {logging_mixin.py:188} INFO - Carga a PostgreSQL exitosa.
[2025-12-15T12:54:08.493+0000] {python.py:237} INFO - Done. Returned value was: None
[2025-12-15T12:54:08.493+0000] {taskinstance.py:441} INFO - ::group::Post task execution logs
[2025-12-15T12:54:08.504+0000] {taskinstance.py:1206} INFO - Marking task as SUCCESS. dag_id=etl_clima_movilidad, task_id=load_postgres, run_id=manual__2025-12-15T12:53:55.035562+00:00, execution_date=20251215T125355, start_date=20251215T125408, end_date=20251215T125408
[2025-12-15T12:54:08.529+0000] {local_task_job_runner.py:240} INFO - Task exited with return code 0
[2025-12-15T12:54:08.544+0000] {taskinstance.py:3498} INFO - 0 downstream tasks scheduled from follow-on schedule check
[2025-12-15T12:54:08.547+0000] {local_task_job_runner.py:222} INFO - ::endgroup::
