[2025-12-09T00:00:12.868+0000] {processor.py:161} INFO - Started process (PID=100) to work on /opt/airflow/dags/Dagetl.py
[2025-12-09T00:00:12.869+0000] {processor.py:830} INFO - Processing file /opt/airflow/dags/Dagetl.py for tasks to queue
[2025-12-09T00:00:12.870+0000] {logging_mixin.py:188} INFO - [2025-12-09T00:00:12.870+0000] {dagbag.py:545} INFO - Filling up the DagBag from /opt/airflow/dags/Dagetl.py
[2025-12-09T00:00:12.883+0000] {logging_mixin.py:188} INFO - [2025-12-09T00:00:12.879+0000] {dagbag.py:355} ERROR - Failed to import: /opt/airflow/dags/Dagetl.py
Traceback (most recent call last):
  File "/home/airflow/.local/lib/python3.12/site-packages/airflow/models/dagbag.py", line 351, in parse
    loader.exec_module(new_module)
  File "<frozen importlib._bootstrap_external>", line 995, in exec_module
  File "<frozen importlib._bootstrap>", line 488, in _call_with_frames_removed
  File "/opt/airflow/dags/Dagetl.py", line 7, in <module>
    from transform import transform_data
ImportError: cannot import name 'transform_data' from 'transform' (/opt/airflow/plugins/transform/transform.py)
[2025-12-09T00:00:12.884+0000] {processor.py:842} WARNING - No viable dags retrieved from /opt/airflow/dags/Dagetl.py
[2025-12-09T00:00:12.906+0000] {processor.py:183} INFO - Processing /opt/airflow/dags/Dagetl.py took 0.042 seconds
[2025-12-09T00:00:43.018+0000] {processor.py:161} INFO - Started process (PID=101) to work on /opt/airflow/dags/Dagetl.py
[2025-12-09T00:00:43.019+0000] {processor.py:830} INFO - Processing file /opt/airflow/dags/Dagetl.py for tasks to queue
[2025-12-09T00:00:43.020+0000] {logging_mixin.py:188} INFO - [2025-12-09T00:00:43.020+0000] {dagbag.py:545} INFO - Filling up the DagBag from /opt/airflow/dags/Dagetl.py
[2025-12-09T00:00:43.034+0000] {logging_mixin.py:188} INFO - [2025-12-09T00:00:43.031+0000] {dagbag.py:355} ERROR - Failed to import: /opt/airflow/dags/Dagetl.py
Traceback (most recent call last):
  File "/home/airflow/.local/lib/python3.12/site-packages/airflow/models/dagbag.py", line 351, in parse
    loader.exec_module(new_module)
  File "<frozen importlib._bootstrap_external>", line 995, in exec_module
  File "<frozen importlib._bootstrap>", line 488, in _call_with_frames_removed
  File "/opt/airflow/dags/Dagetl.py", line 7, in <module>
    from transform import transform_data
ImportError: cannot import name 'transform_data' from 'transform' (/opt/airflow/plugins/transform/transform.py)
[2025-12-09T00:00:43.035+0000] {processor.py:842} WARNING - No viable dags retrieved from /opt/airflow/dags/Dagetl.py
[2025-12-09T00:00:43.057+0000] {processor.py:183} INFO - Processing /opt/airflow/dags/Dagetl.py took 0.043 seconds
[2025-12-09T00:01:52.003+0000] {processor.py:161} INFO - Started process (PID=31) to work on /opt/airflow/dags/Dagetl.py
[2025-12-09T00:01:52.004+0000] {processor.py:830} INFO - Processing file /opt/airflow/dags/Dagetl.py for tasks to queue
[2025-12-09T00:01:52.005+0000] {logging_mixin.py:188} INFO - [2025-12-09T00:01:52.005+0000] {dagbag.py:545} INFO - Filling up the DagBag from /opt/airflow/dags/Dagetl.py
[2025-12-09T00:01:52.022+0000] {logging_mixin.py:188} INFO - [2025-12-09T00:01:52.018+0000] {dagbag.py:355} ERROR - Failed to import: /opt/airflow/dags/Dagetl.py
Traceback (most recent call last):
  File "/home/airflow/.local/lib/python3.12/site-packages/airflow/models/dagbag.py", line 351, in parse
    loader.exec_module(new_module)
  File "<frozen importlib._bootstrap_external>", line 995, in exec_module
  File "<frozen importlib._bootstrap>", line 488, in _call_with_frames_removed
  File "/opt/airflow/dags/Dagetl.py", line 8, in <module>
    from load import load_data
ModuleNotFoundError: No module named 'load'
[2025-12-09T00:01:52.023+0000] {processor.py:842} WARNING - No viable dags retrieved from /opt/airflow/dags/Dagetl.py
[2025-12-09T00:01:52.054+0000] {processor.py:183} INFO - Processing /opt/airflow/dags/Dagetl.py took 0.057 seconds
[2025-12-09T00:02:22.409+0000] {processor.py:161} INFO - Started process (PID=32) to work on /opt/airflow/dags/Dagetl.py
[2025-12-09T00:02:22.410+0000] {processor.py:830} INFO - Processing file /opt/airflow/dags/Dagetl.py for tasks to queue
[2025-12-09T00:02:22.411+0000] {logging_mixin.py:188} INFO - [2025-12-09T00:02:22.411+0000] {dagbag.py:545} INFO - Filling up the DagBag from /opt/airflow/dags/Dagetl.py
[2025-12-09T00:02:22.431+0000] {logging_mixin.py:188} INFO - [2025-12-09T00:02:22.424+0000] {dagbag.py:355} ERROR - Failed to import: /opt/airflow/dags/Dagetl.py
Traceback (most recent call last):
  File "/home/airflow/.local/lib/python3.12/site-packages/airflow/models/dagbag.py", line 351, in parse
    loader.exec_module(new_module)
  File "<frozen importlib._bootstrap_external>", line 995, in exec_module
  File "<frozen importlib._bootstrap>", line 488, in _call_with_frames_removed
  File "/opt/airflow/dags/Dagetl.py", line 8, in <module>
    from load import load_data
ModuleNotFoundError: No module named 'load'
[2025-12-09T00:02:22.432+0000] {processor.py:842} WARNING - No viable dags retrieved from /opt/airflow/dags/Dagetl.py
[2025-12-09T00:02:22.457+0000] {processor.py:183} INFO - Processing /opt/airflow/dags/Dagetl.py took 0.053 seconds
[2025-12-09T00:02:52.575+0000] {processor.py:161} INFO - Started process (PID=33) to work on /opt/airflow/dags/Dagetl.py
[2025-12-09T00:02:52.576+0000] {processor.py:830} INFO - Processing file /opt/airflow/dags/Dagetl.py for tasks to queue
[2025-12-09T00:02:52.577+0000] {logging_mixin.py:188} INFO - [2025-12-09T00:02:52.577+0000] {dagbag.py:545} INFO - Filling up the DagBag from /opt/airflow/dags/Dagetl.py
[2025-12-09T00:02:52.614+0000] {logging_mixin.py:188} INFO - [2025-12-09T00:02:52.605+0000] {dagbag.py:355} ERROR - Failed to import: /opt/airflow/dags/Dagetl.py
Traceback (most recent call last):
  File "/home/airflow/.local/lib/python3.12/site-packages/airflow/models/dagbag.py", line 351, in parse
    loader.exec_module(new_module)
  File "<frozen importlib._bootstrap_external>", line 995, in exec_module
  File "<frozen importlib._bootstrap>", line 488, in _call_with_frames_removed
  File "/opt/airflow/dags/Dagetl.py", line 8, in <module>
    from load import load_data
ModuleNotFoundError: No module named 'load'
[2025-12-09T00:02:52.620+0000] {processor.py:842} WARNING - No viable dags retrieved from /opt/airflow/dags/Dagetl.py
[2025-12-09T00:02:52.654+0000] {processor.py:183} INFO - Processing /opt/airflow/dags/Dagetl.py took 0.089 seconds
[2025-12-09T00:03:22.769+0000] {processor.py:161} INFO - Started process (PID=34) to work on /opt/airflow/dags/Dagetl.py
[2025-12-09T00:03:22.770+0000] {processor.py:830} INFO - Processing file /opt/airflow/dags/Dagetl.py for tasks to queue
[2025-12-09T00:03:22.771+0000] {logging_mixin.py:188} INFO - [2025-12-09T00:03:22.771+0000] {dagbag.py:545} INFO - Filling up the DagBag from /opt/airflow/dags/Dagetl.py
[2025-12-09T00:03:22.795+0000] {logging_mixin.py:188} INFO - [2025-12-09T00:03:22.791+0000] {dagbag.py:355} ERROR - Failed to import: /opt/airflow/dags/Dagetl.py
Traceback (most recent call last):
  File "/home/airflow/.local/lib/python3.12/site-packages/airflow/models/dagbag.py", line 351, in parse
    loader.exec_module(new_module)
  File "<frozen importlib._bootstrap_external>", line 995, in exec_module
  File "<frozen importlib._bootstrap>", line 488, in _call_with_frames_removed
  File "/opt/airflow/dags/Dagetl.py", line 8, in <module>
    from load_data import load_data
ImportError: cannot import name 'load_data' from 'load_data' (/opt/airflow/plugins/load_data.py)
[2025-12-09T00:03:22.796+0000] {processor.py:842} WARNING - No viable dags retrieved from /opt/airflow/dags/Dagetl.py
[2025-12-09T00:03:22.819+0000] {processor.py:183} INFO - Processing /opt/airflow/dags/Dagetl.py took 0.055 seconds
[2025-12-09T00:03:46.024+0000] {processor.py:161} INFO - Started process (PID=30) to work on /opt/airflow/dags/Dagetl.py
[2025-12-09T00:03:46.026+0000] {processor.py:830} INFO - Processing file /opt/airflow/dags/Dagetl.py for tasks to queue
[2025-12-09T00:03:46.026+0000] {logging_mixin.py:188} INFO - [2025-12-09T00:03:46.026+0000] {dagbag.py:545} INFO - Filling up the DagBag from /opt/airflow/dags/Dagetl.py
[2025-12-09T00:03:46.041+0000] {logging_mixin.py:188} INFO - [2025-12-09T00:03:46.036+0000] {dagbag.py:355} ERROR - Failed to import: /opt/airflow/dags/Dagetl.py
Traceback (most recent call last):
  File "/home/airflow/.local/lib/python3.12/site-packages/airflow/models/dagbag.py", line 351, in parse
    loader.exec_module(new_module)
  File "<frozen importlib._bootstrap_external>", line 995, in exec_module
  File "<frozen importlib._bootstrap>", line 488, in _call_with_frames_removed
  File "/opt/airflow/dags/Dagetl.py", line 8, in <module>
    from load_data import load_data
ImportError: cannot import name 'load_data' from 'load_data' (/opt/airflow/plugins/load_data.py)
[2025-12-09T00:03:46.042+0000] {processor.py:842} WARNING - No viable dags retrieved from /opt/airflow/dags/Dagetl.py
[2025-12-09T00:03:46.070+0000] {processor.py:183} INFO - Processing /opt/airflow/dags/Dagetl.py took 0.054 seconds
[2025-12-09T00:04:16.435+0000] {processor.py:161} INFO - Started process (PID=31) to work on /opt/airflow/dags/Dagetl.py
[2025-12-09T00:04:16.436+0000] {processor.py:830} INFO - Processing file /opt/airflow/dags/Dagetl.py for tasks to queue
[2025-12-09T00:04:16.437+0000] {logging_mixin.py:188} INFO - [2025-12-09T00:04:16.436+0000] {dagbag.py:545} INFO - Filling up the DagBag from /opt/airflow/dags/Dagetl.py
[2025-12-09T00:04:16.454+0000] {logging_mixin.py:188} INFO - [2025-12-09T00:04:16.450+0000] {dagbag.py:355} ERROR - Failed to import: /opt/airflow/dags/Dagetl.py
Traceback (most recent call last):
  File "/home/airflow/.local/lib/python3.12/site-packages/airflow/models/dagbag.py", line 351, in parse
    loader.exec_module(new_module)
  File "<frozen importlib._bootstrap_external>", line 995, in exec_module
  File "<frozen importlib._bootstrap>", line 488, in _call_with_frames_removed
  File "/opt/airflow/dags/Dagetl.py", line 8, in <module>
    from load_data import load_data
ImportError: cannot import name 'load_data' from 'load_data' (/opt/airflow/plugins/load_data.py)
[2025-12-09T00:04:16.456+0000] {processor.py:842} WARNING - No viable dags retrieved from /opt/airflow/dags/Dagetl.py
[2025-12-09T00:04:16.492+0000] {processor.py:183} INFO - Processing /opt/airflow/dags/Dagetl.py took 0.067 seconds
[2025-12-09T00:04:46.589+0000] {processor.py:161} INFO - Started process (PID=32) to work on /opt/airflow/dags/Dagetl.py
[2025-12-09T00:04:46.590+0000] {processor.py:830} INFO - Processing file /opt/airflow/dags/Dagetl.py for tasks to queue
[2025-12-09T00:04:46.591+0000] {logging_mixin.py:188} INFO - [2025-12-09T00:04:46.590+0000] {dagbag.py:545} INFO - Filling up the DagBag from /opt/airflow/dags/Dagetl.py
[2025-12-09T00:04:46.605+0000] {logging_mixin.py:188} INFO - [2025-12-09T00:04:46.601+0000] {dagbag.py:355} ERROR - Failed to import: /opt/airflow/dags/Dagetl.py
Traceback (most recent call last):
  File "/home/airflow/.local/lib/python3.12/site-packages/airflow/models/dagbag.py", line 351, in parse
    loader.exec_module(new_module)
  File "<frozen importlib._bootstrap_external>", line 995, in exec_module
  File "<frozen importlib._bootstrap>", line 488, in _call_with_frames_removed
  File "/opt/airflow/dags/Dagetl.py", line 8, in <module>
    from load_data import load_data
ImportError: cannot import name 'load_data' from 'load_data' (/opt/airflow/plugins/load_data.py)
[2025-12-09T00:04:46.606+0000] {processor.py:842} WARNING - No viable dags retrieved from /opt/airflow/dags/Dagetl.py
[2025-12-09T00:04:46.630+0000] {processor.py:183} INFO - Processing /opt/airflow/dags/Dagetl.py took 0.047 seconds
[2025-12-09T00:05:10.754+0000] {processor.py:161} INFO - Started process (PID=33) to work on /opt/airflow/dags/Dagetl.py
[2025-12-09T00:05:10.755+0000] {processor.py:830} INFO - Processing file /opt/airflow/dags/Dagetl.py for tasks to queue
[2025-12-09T00:05:10.756+0000] {logging_mixin.py:188} INFO - [2025-12-09T00:05:10.756+0000] {dagbag.py:545} INFO - Filling up the DagBag from /opt/airflow/dags/Dagetl.py
[2025-12-09T00:05:10.797+0000] {logging_mixin.py:188} INFO - [2025-12-09T00:05:10.790+0000] {dagbag.py:355} ERROR - Failed to import: /opt/airflow/dags/Dagetl.py
Traceback (most recent call last):
  File "/home/airflow/.local/lib/python3.12/site-packages/airflow/models/dagbag.py", line 351, in parse
    loader.exec_module(new_module)
  File "<frozen importlib._bootstrap_external>", line 995, in exec_module
  File "<frozen importlib._bootstrap>", line 488, in _call_with_frames_removed
  File "/opt/airflow/dags/Dagetl.py", line 8, in <module>
    from load import load_data
  File "/opt/airflow/plugins/load.py", line 2, in <module>
    from sql.alchemy import create_engine
ModuleNotFoundError: No module named 'sql'
[2025-12-09T00:05:10.798+0000] {processor.py:842} WARNING - No viable dags retrieved from /opt/airflow/dags/Dagetl.py
[2025-12-09T00:05:10.822+0000] {processor.py:183} INFO - Processing /opt/airflow/dags/Dagetl.py took 0.073 seconds
[2025-12-09T00:05:40.912+0000] {processor.py:161} INFO - Started process (PID=34) to work on /opt/airflow/dags/Dagetl.py
[2025-12-09T00:05:40.913+0000] {processor.py:830} INFO - Processing file /opt/airflow/dags/Dagetl.py for tasks to queue
[2025-12-09T00:05:40.914+0000] {logging_mixin.py:188} INFO - [2025-12-09T00:05:40.914+0000] {dagbag.py:545} INFO - Filling up the DagBag from /opt/airflow/dags/Dagetl.py
[2025-12-09T00:05:40.935+0000] {logging_mixin.py:188} INFO - [2025-12-09T00:05:40.930+0000] {dagbag.py:355} ERROR - Failed to import: /opt/airflow/dags/Dagetl.py
Traceback (most recent call last):
  File "/home/airflow/.local/lib/python3.12/site-packages/airflow/models/dagbag.py", line 351, in parse
    loader.exec_module(new_module)
  File "<frozen importlib._bootstrap_external>", line 995, in exec_module
  File "<frozen importlib._bootstrap>", line 488, in _call_with_frames_removed
  File "/opt/airflow/dags/Dagetl.py", line 8, in <module>
    from load import load_data
  File "/opt/airflow/plugins/load.py", line 2, in <module>
    from sql.alchemy import create_engine
ModuleNotFoundError: No module named 'sql'
[2025-12-09T00:05:40.937+0000] {processor.py:842} WARNING - No viable dags retrieved from /opt/airflow/dags/Dagetl.py
[2025-12-09T00:05:40.961+0000] {processor.py:183} INFO - Processing /opt/airflow/dags/Dagetl.py took 0.054 seconds
[2025-12-09T00:06:44.871+0000] {processor.py:161} INFO - Started process (PID=30) to work on /opt/airflow/dags/Dagetl.py
[2025-12-09T00:06:44.873+0000] {processor.py:830} INFO - Processing file /opt/airflow/dags/Dagetl.py for tasks to queue
[2025-12-09T00:06:44.874+0000] {logging_mixin.py:188} INFO - [2025-12-09T00:06:44.873+0000] {dagbag.py:545} INFO - Filling up the DagBag from /opt/airflow/dags/Dagetl.py
[2025-12-09T00:06:44.889+0000] {logging_mixin.py:188} INFO - [2025-12-09T00:06:44.885+0000] {dagbag.py:355} ERROR - Failed to import: /opt/airflow/dags/Dagetl.py
Traceback (most recent call last):
  File "/home/airflow/.local/lib/python3.12/site-packages/airflow/models/dagbag.py", line 351, in parse
    loader.exec_module(new_module)
  File "<frozen importlib._bootstrap_external>", line 995, in exec_module
  File "<frozen importlib._bootstrap>", line 488, in _call_with_frames_removed
  File "/opt/airflow/dags/Dagetl.py", line 8, in <module>
    from load import load_data
ImportError: cannot import name 'load_data' from 'load' (/opt/airflow/plugins/load.py)
[2025-12-09T00:06:44.891+0000] {processor.py:842} WARNING - No viable dags retrieved from /opt/airflow/dags/Dagetl.py
[2025-12-09T00:06:44.923+0000] {processor.py:183} INFO - Processing /opt/airflow/dags/Dagetl.py took 0.060 seconds
[2025-12-09T00:07:15.277+0000] {processor.py:161} INFO - Started process (PID=31) to work on /opt/airflow/dags/Dagetl.py
[2025-12-09T00:07:15.278+0000] {processor.py:830} INFO - Processing file /opt/airflow/dags/Dagetl.py for tasks to queue
[2025-12-09T00:07:15.279+0000] {logging_mixin.py:188} INFO - [2025-12-09T00:07:15.279+0000] {dagbag.py:545} INFO - Filling up the DagBag from /opt/airflow/dags/Dagetl.py
[2025-12-09T00:07:15.300+0000] {logging_mixin.py:188} INFO - [2025-12-09T00:07:15.295+0000] {dagbag.py:355} ERROR - Failed to import: /opt/airflow/dags/Dagetl.py
Traceback (most recent call last):
  File "/home/airflow/.local/lib/python3.12/site-packages/airflow/models/dagbag.py", line 351, in parse
    loader.exec_module(new_module)
  File "<frozen importlib._bootstrap_external>", line 995, in exec_module
  File "<frozen importlib._bootstrap>", line 488, in _call_with_frames_removed
  File "/opt/airflow/dags/Dagetl.py", line 8, in <module>
    from load import load_data
ImportError: cannot import name 'load_data' from 'load' (/opt/airflow/plugins/load.py)
[2025-12-09T00:07:15.301+0000] {processor.py:842} WARNING - No viable dags retrieved from /opt/airflow/dags/Dagetl.py
[2025-12-09T00:07:15.335+0000] {processor.py:183} INFO - Processing /opt/airflow/dags/Dagetl.py took 0.066 seconds
[2025-12-09T00:07:45.435+0000] {processor.py:161} INFO - Started process (PID=32) to work on /opt/airflow/dags/Dagetl.py
[2025-12-09T00:07:45.436+0000] {processor.py:830} INFO - Processing file /opt/airflow/dags/Dagetl.py for tasks to queue
[2025-12-09T00:07:45.437+0000] {logging_mixin.py:188} INFO - [2025-12-09T00:07:45.437+0000] {dagbag.py:545} INFO - Filling up the DagBag from /opt/airflow/dags/Dagetl.py
[2025-12-09T00:07:45.451+0000] {logging_mixin.py:188} INFO - [2025-12-09T00:07:45.447+0000] {dagbag.py:355} ERROR - Failed to import: /opt/airflow/dags/Dagetl.py
Traceback (most recent call last):
  File "/home/airflow/.local/lib/python3.12/site-packages/airflow/models/dagbag.py", line 351, in parse
    loader.exec_module(new_module)
  File "<frozen importlib._bootstrap_external>", line 995, in exec_module
  File "<frozen importlib._bootstrap>", line 488, in _call_with_frames_removed
  File "/opt/airflow/dags/Dagetl.py", line 8, in <module>
    from load import load_data
ImportError: cannot import name 'load_data' from 'load' (/opt/airflow/plugins/load.py)
[2025-12-09T00:07:45.452+0000] {processor.py:842} WARNING - No viable dags retrieved from /opt/airflow/dags/Dagetl.py
[2025-12-09T00:07:45.475+0000] {processor.py:183} INFO - Processing /opt/airflow/dags/Dagetl.py took 0.046 seconds
[2025-12-09T00:08:15.626+0000] {processor.py:161} INFO - Started process (PID=33) to work on /opt/airflow/dags/Dagetl.py
[2025-12-09T00:08:15.627+0000] {processor.py:830} INFO - Processing file /opt/airflow/dags/Dagetl.py for tasks to queue
[2025-12-09T00:08:15.628+0000] {logging_mixin.py:188} INFO - [2025-12-09T00:08:15.628+0000] {dagbag.py:545} INFO - Filling up the DagBag from /opt/airflow/dags/Dagetl.py
[2025-12-09T00:08:15.643+0000] {logging_mixin.py:188} INFO - [2025-12-09T00:08:15.639+0000] {dagbag.py:355} ERROR - Failed to import: /opt/airflow/dags/Dagetl.py
Traceback (most recent call last):
  File "/home/airflow/.local/lib/python3.12/site-packages/airflow/models/dagbag.py", line 351, in parse
    loader.exec_module(new_module)
  File "<frozen importlib._bootstrap_external>", line 995, in exec_module
  File "<frozen importlib._bootstrap>", line 488, in _call_with_frames_removed
  File "/opt/airflow/dags/Dagetl.py", line 8, in <module>
    from load import load_data
ImportError: cannot import name 'load_data' from 'load' (/opt/airflow/plugins/load.py)
[2025-12-09T00:08:15.644+0000] {processor.py:842} WARNING - No viable dags retrieved from /opt/airflow/dags/Dagetl.py
[2025-12-09T00:08:15.669+0000] {processor.py:183} INFO - Processing /opt/airflow/dags/Dagetl.py took 0.049 seconds
[2025-12-09T00:08:45.793+0000] {processor.py:161} INFO - Started process (PID=34) to work on /opt/airflow/dags/Dagetl.py
[2025-12-09T00:08:45.794+0000] {processor.py:830} INFO - Processing file /opt/airflow/dags/Dagetl.py for tasks to queue
[2025-12-09T00:08:45.795+0000] {logging_mixin.py:188} INFO - [2025-12-09T00:08:45.795+0000] {dagbag.py:545} INFO - Filling up the DagBag from /opt/airflow/dags/Dagetl.py
[2025-12-09T00:08:45.810+0000] {logging_mixin.py:188} INFO - [2025-12-09T00:08:45.806+0000] {dagbag.py:355} ERROR - Failed to import: /opt/airflow/dags/Dagetl.py
Traceback (most recent call last):
  File "/home/airflow/.local/lib/python3.12/site-packages/airflow/models/dagbag.py", line 351, in parse
    loader.exec_module(new_module)
  File "<frozen importlib._bootstrap_external>", line 995, in exec_module
  File "<frozen importlib._bootstrap>", line 488, in _call_with_frames_removed
  File "/opt/airflow/dags/Dagetl.py", line 8, in <module>
    from load import load_data
ImportError: cannot import name 'load_data' from 'load' (/opt/airflow/plugins/load.py)
[2025-12-09T00:08:45.811+0000] {processor.py:842} WARNING - No viable dags retrieved from /opt/airflow/dags/Dagetl.py
[2025-12-09T00:08:45.838+0000] {processor.py:183} INFO - Processing /opt/airflow/dags/Dagetl.py took 0.052 seconds
[2025-12-09T00:09:09.353+0000] {processor.py:161} INFO - Started process (PID=30) to work on /opt/airflow/dags/Dagetl.py
[2025-12-09T00:09:09.356+0000] {processor.py:830} INFO - Processing file /opt/airflow/dags/Dagetl.py for tasks to queue
[2025-12-09T00:09:09.363+0000] {logging_mixin.py:188} INFO - [2025-12-09T00:09:09.362+0000] {dagbag.py:545} INFO - Filling up the DagBag from /opt/airflow/dags/Dagetl.py
[2025-12-09T00:09:09.763+0000] {processor.py:840} INFO - DAG(s) 'etl_clima_movilidad' retrieved from /opt/airflow/dags/Dagetl.py
[2025-12-09T00:09:09.789+0000] {logging_mixin.py:188} INFO - [2025-12-09T00:09:09.789+0000] {dag.py:3096} INFO - Sync 1 DAGs
[2025-12-09T00:09:09.809+0000] {logging_mixin.py:188} INFO - [2025-12-09T00:09:09.809+0000] {dag.py:3954} INFO - Setting next_dagrun for etl_clima_movilidad to 2025-12-08 00:00:00+00:00, run_after=2025-12-09 00:00:00+00:00
[2025-12-09T00:09:09.828+0000] {processor.py:183} INFO - Processing /opt/airflow/dags/Dagetl.py took 0.507 seconds
[2025-12-09T00:09:39.943+0000] {processor.py:161} INFO - Started process (PID=31) to work on /opt/airflow/dags/Dagetl.py
[2025-12-09T00:09:39.944+0000] {processor.py:830} INFO - Processing file /opt/airflow/dags/Dagetl.py for tasks to queue
[2025-12-09T00:09:39.947+0000] {logging_mixin.py:188} INFO - [2025-12-09T00:09:39.946+0000] {dagbag.py:545} INFO - Filling up the DagBag from /opt/airflow/dags/Dagetl.py
[2025-12-09T00:09:39.975+0000] {processor.py:840} INFO - DAG(s) 'etl_clima_movilidad' retrieved from /opt/airflow/dags/Dagetl.py
[2025-12-09T00:09:40.244+0000] {logging_mixin.py:188} INFO - [2025-12-09T00:09:40.243+0000] {dag.py:3096} INFO - Sync 1 DAGs
[2025-12-09T00:09:40.266+0000] {logging_mixin.py:188} INFO - [2025-12-09T00:09:40.266+0000] {dag.py:3954} INFO - Setting next_dagrun for etl_clima_movilidad to 2025-12-08 00:00:00+00:00, run_after=2025-12-09 00:00:00+00:00
[2025-12-09T00:09:40.283+0000] {processor.py:183} INFO - Processing /opt/airflow/dags/Dagetl.py took 0.349 seconds
[2025-12-09T00:10:10.446+0000] {processor.py:161} INFO - Started process (PID=32) to work on /opt/airflow/dags/Dagetl.py
[2025-12-09T00:10:10.447+0000] {processor.py:830} INFO - Processing file /opt/airflow/dags/Dagetl.py for tasks to queue
[2025-12-09T00:10:10.448+0000] {logging_mixin.py:188} INFO - [2025-12-09T00:10:10.448+0000] {dagbag.py:545} INFO - Filling up the DagBag from /opt/airflow/dags/Dagetl.py
[2025-12-09T00:10:10.466+0000] {processor.py:840} INFO - DAG(s) 'etl_clima_movilidad' retrieved from /opt/airflow/dags/Dagetl.py
[2025-12-09T00:10:10.491+0000] {logging_mixin.py:188} INFO - [2025-12-09T00:10:10.491+0000] {dag.py:3096} INFO - Sync 1 DAGs
[2025-12-09T00:10:10.512+0000] {logging_mixin.py:188} INFO - [2025-12-09T00:10:10.512+0000] {dag.py:3954} INFO - Setting next_dagrun for etl_clima_movilidad to 2025-12-08 00:00:00+00:00, run_after=2025-12-09 00:00:00+00:00
[2025-12-09T00:10:10.529+0000] {processor.py:183} INFO - Processing /opt/airflow/dags/Dagetl.py took 0.088 seconds
[2025-12-09T00:10:40.613+0000] {processor.py:161} INFO - Started process (PID=33) to work on /opt/airflow/dags/Dagetl.py
[2025-12-09T00:10:40.614+0000] {processor.py:830} INFO - Processing file /opt/airflow/dags/Dagetl.py for tasks to queue
[2025-12-09T00:10:40.617+0000] {logging_mixin.py:188} INFO - [2025-12-09T00:10:40.616+0000] {dagbag.py:545} INFO - Filling up the DagBag from /opt/airflow/dags/Dagetl.py
[2025-12-09T00:10:40.639+0000] {processor.py:840} INFO - DAG(s) 'etl_clima_movilidad' retrieved from /opt/airflow/dags/Dagetl.py
[2025-12-09T00:10:40.677+0000] {logging_mixin.py:188} INFO - [2025-12-09T00:10:40.677+0000] {dag.py:3096} INFO - Sync 1 DAGs
[2025-12-09T00:10:40.697+0000] {logging_mixin.py:188} INFO - [2025-12-09T00:10:40.697+0000] {dag.py:3954} INFO - Setting next_dagrun for etl_clima_movilidad to 2025-12-08 00:00:00+00:00, run_after=2025-12-09 00:00:00+00:00
[2025-12-09T00:10:40.715+0000] {processor.py:183} INFO - Processing /opt/airflow/dags/Dagetl.py took 0.109 seconds
[2025-12-09T00:11:10.836+0000] {processor.py:161} INFO - Started process (PID=34) to work on /opt/airflow/dags/Dagetl.py
[2025-12-09T00:11:10.837+0000] {processor.py:830} INFO - Processing file /opt/airflow/dags/Dagetl.py for tasks to queue
[2025-12-09T00:11:10.839+0000] {logging_mixin.py:188} INFO - [2025-12-09T00:11:10.839+0000] {dagbag.py:545} INFO - Filling up the DagBag from /opt/airflow/dags/Dagetl.py
[2025-12-09T00:11:10.859+0000] {processor.py:840} INFO - DAG(s) 'etl_clima_movilidad' retrieved from /opt/airflow/dags/Dagetl.py
[2025-12-09T00:11:10.886+0000] {logging_mixin.py:188} INFO - [2025-12-09T00:11:10.886+0000] {dag.py:3096} INFO - Sync 1 DAGs
[2025-12-09T00:11:10.906+0000] {logging_mixin.py:188} INFO - [2025-12-09T00:11:10.905+0000] {dag.py:3954} INFO - Setting next_dagrun for etl_clima_movilidad to 2025-12-08 00:00:00+00:00, run_after=2025-12-09 00:00:00+00:00
[2025-12-09T00:11:10.921+0000] {processor.py:183} INFO - Processing /opt/airflow/dags/Dagetl.py took 0.091 seconds
