[2025-12-03T13:13:17.012+0000] {local_task_job_runner.py:120} INFO - ::group::Pre task execution logs
[2025-12-03T13:13:17.040+0000] {taskinstance.py:2076} INFO - Dependencies all met for dep_context=non-requeueable deps ti=<TaskInstance: etl_clima_movilidad.extract_weather scheduled__2025-12-02T00:00:00+00:00 [queued]>
[2025-12-03T13:13:17.047+0000] {taskinstance.py:2076} INFO - Dependencies all met for dep_context=requeueable deps ti=<TaskInstance: etl_clima_movilidad.extract_weather scheduled__2025-12-02T00:00:00+00:00 [queued]>
[2025-12-03T13:13:17.048+0000] {taskinstance.py:2306} INFO - Starting attempt 1 of 2
[2025-12-03T13:13:17.057+0000] {taskinstance.py:2330} INFO - Executing <Task(BashOperator): extract_weather> on 2025-12-02 00:00:00+00:00
[2025-12-03T13:13:17.063+0000] {standard_task_runner.py:63} INFO - Started process 53 to run task
[2025-12-03T13:13:17.065+0000] {standard_task_runner.py:90} INFO - Running: ['***', 'tasks', 'run', 'etl_clima_movilidad', 'extract_weather', 'scheduled__2025-12-02T00:00:00+00:00', '--job-id', '4', '--raw', '--subdir', 'DAGS_FOLDER/Dagetl.py', '--cfg-path', '/tmp/tmp6udpqbbl']
[2025-12-03T13:13:17.068+0000] {standard_task_runner.py:91} INFO - Job 4: Subtask extract_weather
[2025-12-03T13:13:17.147+0000] {task_command.py:426} INFO - Running <TaskInstance: etl_clima_movilidad.extract_weather scheduled__2025-12-02T00:00:00+00:00 [running]> on host d463fe83c919
[2025-12-03T13:13:17.236+0000] {taskinstance.py:2648} INFO - Exporting env vars: AIRFLOW_CTX_DAG_OWNER='matias' AIRFLOW_CTX_DAG_ID='etl_clima_movilidad' AIRFLOW_CTX_TASK_ID='extract_weather' AIRFLOW_CTX_EXECUTION_DATE='2025-12-02T00:00:00+00:00' AIRFLOW_CTX_TRY_NUMBER='1' AIRFLOW_CTX_DAG_RUN_ID='scheduled__2025-12-02T00:00:00+00:00'
[2025-12-03T13:13:17.237+0000] {taskinstance.py:430} INFO - ::endgroup::
[2025-12-03T13:13:17.263+0000] {subprocess.py:63} INFO - Tmp dir root location: /tmp
[2025-12-03T13:13:17.265+0000] {subprocess.py:75} INFO - Running command: ['/usr/bin/bash', '-c', 'python /opt/***/src/extract/extract_openmeteo.py']
[2025-12-03T13:13:17.276+0000] {subprocess.py:86} INFO - Output:
[2025-12-03T13:13:17.344+0000] {subprocess.py:93} INFO - python: can't open file '/opt/***/src/extract/extract_openmeteo.py': [Errno 2] No such file or directory
[2025-12-03T13:13:17.349+0000] {subprocess.py:97} INFO - Command exited with return code 2
[2025-12-03T13:13:17.350+0000] {taskinstance.py:441} INFO - ::group::Post task execution logs
[2025-12-03T13:13:17.361+0000] {taskinstance.py:2905} ERROR - Task failed with exception
Traceback (most recent call last):
  File "/home/airflow/.local/lib/python3.12/site-packages/airflow/models/taskinstance.py", line 465, in _execute_task
    result = _execute_callable(context=context, **execute_callable_kwargs)
             ^^^^^^^^^^^^^^^^^^^^^^^^^^^^^^^^^^^^^^^^^^^^^^^^^^^^^^^^^^^^^
  File "/home/airflow/.local/lib/python3.12/site-packages/airflow/models/taskinstance.py", line 432, in _execute_callable
    return execute_callable(context=context, **execute_callable_kwargs)
           ^^^^^^^^^^^^^^^^^^^^^^^^^^^^^^^^^^^^^^^^^^^^^^^^^^^^^^^^^^^^
  File "/home/airflow/.local/lib/python3.12/site-packages/airflow/models/baseoperator.py", line 400, in wrapper
    return func(self, *args, **kwargs)
           ^^^^^^^^^^^^^^^^^^^^^^^^^^^
  File "/home/airflow/.local/lib/python3.12/site-packages/airflow/operators/bash.py", line 243, in execute
    raise AirflowException(
airflow.exceptions.AirflowException: Bash command failed. The command returned a non-zero exit code 2.
[2025-12-03T13:13:17.366+0000] {taskinstance.py:1206} INFO - Marking task as UP_FOR_RETRY. dag_id=etl_clima_movilidad, task_id=extract_weather, run_id=scheduled__2025-12-02T00:00:00+00:00, execution_date=20251202T000000, start_date=20251203T131317, end_date=20251203T131317
[2025-12-03T13:13:17.379+0000] {standard_task_runner.py:110} ERROR - Failed to execute job 4 for task extract_weather (Bash command failed. The command returned a non-zero exit code 2.; 53)
[2025-12-03T13:13:17.399+0000] {local_task_job_runner.py:240} INFO - Task exited with return code 1
[2025-12-03T13:13:17.421+0000] {taskinstance.py:3498} INFO - 0 downstream tasks scheduled from follow-on schedule check
[2025-12-03T13:13:17.423+0000] {local_task_job_runner.py:222} INFO - ::endgroup::
