[2025-12-15T12:47:19.551+0000] {local_task_job_runner.py:120} INFO - ::group::Pre task execution logs
[2025-12-15T12:47:19.575+0000] {taskinstance.py:2076} INFO - Dependencies all met for dep_context=non-requeueable deps ti=<TaskInstance: etl_clima_movilidad.load_postgres scheduled__2025-12-14T00:00:00+00:00 [queued]>
[2025-12-15T12:47:19.582+0000] {taskinstance.py:2076} INFO - Dependencies all met for dep_context=requeueable deps ti=<TaskInstance: etl_clima_movilidad.load_postgres scheduled__2025-12-14T00:00:00+00:00 [queued]>
[2025-12-15T12:47:19.583+0000] {taskinstance.py:2306} INFO - Starting attempt 1 of 2
[2025-12-15T12:47:19.594+0000] {taskinstance.py:2330} INFO - Executing <Task(PythonOperator): load_postgres> on 2025-12-14 00:00:00+00:00
[2025-12-15T12:47:19.604+0000] {standard_task_runner.py:90} INFO - Running: ['***', 'tasks', 'run', 'etl_clima_movilidad', 'load_postgres', 'scheduled__2025-12-14T00:00:00+00:00', '--job-id', '124', '--raw', '--subdir', 'DAGS_FOLDER/Dagetl.py', '--cfg-path', '/tmp/tmptb46avxz']
[2025-12-15T12:47:19.607+0000] {standard_task_runner.py:91} INFO - Job 124: Subtask load_postgres
[2025-12-15T12:47:19.607+0000] {logging_mixin.py:188} WARNING - /home/***/.local/lib/python3.12/site-packages/***/task/task_runner/standard_task_runner.py:61 DeprecationWarning: This process (pid=59) is multi-threaded, use of fork() may lead to deadlocks in the child.
[2025-12-15T12:47:19.608+0000] {standard_task_runner.py:63} INFO - Started process 72 to run task
[2025-12-15T12:47:19.677+0000] {task_command.py:426} INFO - Running <TaskInstance: etl_clima_movilidad.load_postgres scheduled__2025-12-14T00:00:00+00:00 [running]> on host 2b89330dc68f
[2025-12-15T12:47:19.750+0000] {taskinstance.py:2648} INFO - Exporting env vars: AIRFLOW_CTX_DAG_OWNER='matias' AIRFLOW_CTX_DAG_ID='etl_clima_movilidad' AIRFLOW_CTX_TASK_ID='load_postgres' AIRFLOW_CTX_EXECUTION_DATE='2025-12-14T00:00:00+00:00' AIRFLOW_CTX_TRY_NUMBER='1' AIRFLOW_CTX_DAG_RUN_ID='scheduled__2025-12-14T00:00:00+00:00'
[2025-12-15T12:47:19.751+0000] {taskinstance.py:430} INFO - ::endgroup::
[2025-12-15T12:47:19.761+0000] {logging_mixin.py:188} INFO - Iniciando carga a Base de Datos...
[2025-12-15T12:47:19.885+0000] {logging_mixin.py:188} INFO - CSV descargado. Filas a insertar: 168
[2025-12-15T12:47:19.949+0000] {logging_mixin.py:188} INFO - Carga a PostgreSQL exitosa.
[2025-12-15T12:47:19.951+0000] {python.py:237} INFO - Done. Returned value was: None
[2025-12-15T12:47:19.951+0000] {taskinstance.py:441} INFO - ::group::Post task execution logs
[2025-12-15T12:47:19.961+0000] {taskinstance.py:1206} INFO - Marking task as SUCCESS. dag_id=etl_clima_movilidad, task_id=load_postgres, run_id=scheduled__2025-12-14T00:00:00+00:00, execution_date=20251214T000000, start_date=20251215T124719, end_date=20251215T124719
[2025-12-15T12:47:19.983+0000] {local_task_job_runner.py:240} INFO - Task exited with return code 0
[2025-12-15T12:47:19.997+0000] {taskinstance.py:3498} INFO - 0 downstream tasks scheduled from follow-on schedule check
[2025-12-15T12:47:20.000+0000] {local_task_job_runner.py:222} INFO - ::endgroup::
