[2025-12-14T21:57:10.005+0000] {local_task_job_runner.py:120} INFO - ::group::Pre task execution logs
[2025-12-14T21:57:10.036+0000] {taskinstance.py:2076} INFO - Dependencies all met for dep_context=non-requeueable deps ti=<TaskInstance: etl_clima_movilidad.extract_weather scheduled__2025-12-13T00:00:00+00:00 [queued]>
[2025-12-14T21:57:10.043+0000] {taskinstance.py:2076} INFO - Dependencies all met for dep_context=requeueable deps ti=<TaskInstance: etl_clima_movilidad.extract_weather scheduled__2025-12-13T00:00:00+00:00 [queued]>
[2025-12-14T21:57:10.044+0000] {taskinstance.py:2306} INFO - Starting attempt 1 of 2
[2025-12-14T21:57:10.060+0000] {taskinstance.py:2330} INFO - Executing <Task(PythonOperator): extract_weather> on 2025-12-13 00:00:00+00:00
[2025-12-14T21:57:10.073+0000] {standard_task_runner.py:90} INFO - Running: ['***', 'tasks', 'run', 'etl_clima_movilidad', 'extract_weather', 'scheduled__2025-12-13T00:00:00+00:00', '--job-id', '77', '--raw', '--subdir', 'DAGS_FOLDER/Dagetl.py', '--cfg-path', '/tmp/tmpy0bm7scr']
[2025-12-14T21:57:10.077+0000] {standard_task_runner.py:91} INFO - Job 77: Subtask extract_weather
[2025-12-14T21:57:10.077+0000] {logging_mixin.py:188} WARNING - /home/***/.local/lib/python3.12/site-packages/***/task/task_runner/standard_task_runner.py:61 DeprecationWarning: This process (pid=33) is multi-threaded, use of fork() may lead to deadlocks in the child.
[2025-12-14T21:57:10.077+0000] {standard_task_runner.py:63} INFO - Started process 46 to run task
[2025-12-14T21:57:10.156+0000] {task_command.py:426} INFO - Running <TaskInstance: etl_clima_movilidad.extract_weather scheduled__2025-12-13T00:00:00+00:00 [running]> on host f5770c4eaa8f
[2025-12-14T21:57:10.245+0000] {taskinstance.py:2648} INFO - Exporting env vars: AIRFLOW_CTX_DAG_OWNER='matias' AIRFLOW_CTX_DAG_ID='etl_clima_movilidad' AIRFLOW_CTX_TASK_ID='extract_weather' AIRFLOW_CTX_EXECUTION_DATE='2025-12-13T00:00:00+00:00' AIRFLOW_CTX_TRY_NUMBER='1' AIRFLOW_CTX_DAG_RUN_ID='scheduled__2025-12-13T00:00:00+00:00'
[2025-12-14T21:57:10.246+0000] {taskinstance.py:430} INFO - ::endgroup::
[2025-12-14T21:57:11.768+0000] {logging_mixin.py:188} INFO - Archivo subido a MinIO: weather_raw_20251214_215711.json
[2025-12-14T21:57:11.771+0000] {python.py:237} INFO - Done. Returned value was: None
[2025-12-14T21:57:11.772+0000] {taskinstance.py:441} INFO - ::group::Post task execution logs
[2025-12-14T21:57:11.782+0000] {taskinstance.py:1206} INFO - Marking task as SUCCESS. dag_id=etl_clima_movilidad, task_id=extract_weather, run_id=scheduled__2025-12-13T00:00:00+00:00, execution_date=20251213T000000, start_date=20251214T215710, end_date=20251214T215711
[2025-12-14T21:57:11.818+0000] {local_task_job_runner.py:240} INFO - Task exited with return code 0
[2025-12-14T21:57:11.842+0000] {taskinstance.py:3498} INFO - 1 downstream tasks scheduled from follow-on schedule check
[2025-12-14T21:57:11.845+0000] {local_task_job_runner.py:222} INFO - ::endgroup::
[2025-12-14T22:36:42.355+0000] {local_task_job_runner.py:120} INFO - ::group::Pre task execution logs
[2025-12-14T22:36:42.386+0000] {taskinstance.py:2076} INFO - Dependencies all met for dep_context=non-requeueable deps ti=<TaskInstance: etl_clima_movilidad.extract_weather scheduled__2025-12-13T00:00:00+00:00 [queued]>
[2025-12-14T22:36:42.392+0000] {taskinstance.py:2076} INFO - Dependencies all met for dep_context=requeueable deps ti=<TaskInstance: etl_clima_movilidad.extract_weather scheduled__2025-12-13T00:00:00+00:00 [queued]>
[2025-12-14T22:36:42.392+0000] {taskinstance.py:2306} INFO - Starting attempt 1 of 2
[2025-12-14T22:36:42.402+0000] {taskinstance.py:2330} INFO - Executing <Task(PythonOperator): extract_weather> on 2025-12-13 00:00:00+00:00
[2025-12-14T22:36:42.411+0000] {standard_task_runner.py:90} INFO - Running: ['***', 'tasks', 'run', 'etl_clima_movilidad', 'extract_weather', 'scheduled__2025-12-13T00:00:00+00:00', '--job-id', '102', '--raw', '--subdir', 'DAGS_FOLDER/Dagetl.py', '--cfg-path', '/tmp/tmprgx2fwa8']
[2025-12-14T22:36:42.415+0000] {standard_task_runner.py:91} INFO - Job 102: Subtask extract_weather
[2025-12-14T22:36:42.415+0000] {logging_mixin.py:188} WARNING - /home/***/.local/lib/python3.12/site-packages/***/task/task_runner/standard_task_runner.py:61 DeprecationWarning: This process (pid=139) is multi-threaded, use of fork() may lead to deadlocks in the child.
[2025-12-14T22:36:42.416+0000] {standard_task_runner.py:63} INFO - Started process 152 to run task
[2025-12-14T22:36:42.485+0000] {task_command.py:426} INFO - Running <TaskInstance: etl_clima_movilidad.extract_weather scheduled__2025-12-13T00:00:00+00:00 [running]> on host 1a6a322288ba
[2025-12-14T22:36:42.562+0000] {taskinstance.py:2648} INFO - Exporting env vars: AIRFLOW_CTX_DAG_OWNER='matias' AIRFLOW_CTX_DAG_ID='etl_clima_movilidad' AIRFLOW_CTX_TASK_ID='extract_weather' AIRFLOW_CTX_EXECUTION_DATE='2025-12-13T00:00:00+00:00' AIRFLOW_CTX_TRY_NUMBER='1' AIRFLOW_CTX_DAG_RUN_ID='scheduled__2025-12-13T00:00:00+00:00'
[2025-12-14T22:36:42.563+0000] {taskinstance.py:430} INFO - ::endgroup::
[2025-12-14T22:36:43.761+0000] {logging_mixin.py:188} INFO - Archivo subido a MinIO: weather_raw_20251214_223643.json
[2025-12-14T22:36:43.763+0000] {python.py:237} INFO - Done. Returned value was: None
[2025-12-14T22:36:43.765+0000] {taskinstance.py:441} INFO - ::group::Post task execution logs
[2025-12-14T22:36:43.778+0000] {taskinstance.py:1206} INFO - Marking task as SUCCESS. dag_id=etl_clima_movilidad, task_id=extract_weather, run_id=scheduled__2025-12-13T00:00:00+00:00, execution_date=20251213T000000, start_date=20251214T223642, end_date=20251214T223643
[2025-12-14T22:36:43.836+0000] {local_task_job_runner.py:240} INFO - Task exited with return code 0
[2025-12-14T22:36:43.858+0000] {taskinstance.py:3498} INFO - 1 downstream tasks scheduled from follow-on schedule check
[2025-12-14T22:36:43.861+0000] {local_task_job_runner.py:222} INFO - ::endgroup::
