[2025-12-14T22:19:00.494+0000] {local_task_job_runner.py:120} INFO - ::group::Pre task execution logs
[2025-12-14T22:19:00.520+0000] {taskinstance.py:2076} INFO - Dependencies all met for dep_context=non-requeueable deps ti=<TaskInstance: etl_clima_movilidad.transform_data manual__2025-12-14T22:17:49.458350+00:00 [queued]>
[2025-12-14T22:19:00.525+0000] {taskinstance.py:2076} INFO - Dependencies all met for dep_context=requeueable deps ti=<TaskInstance: etl_clima_movilidad.transform_data manual__2025-12-14T22:17:49.458350+00:00 [queued]>
[2025-12-14T22:19:00.526+0000] {taskinstance.py:2306} INFO - Starting attempt 2 of 2
[2025-12-14T22:19:00.543+0000] {taskinstance.py:2330} INFO - Executing <Task(PythonOperator): transform_data> on 2025-12-14 22:17:49.458350+00:00
[2025-12-14T22:19:00.556+0000] {standard_task_runner.py:90} INFO - Running: ['***', 'tasks', 'run', 'etl_clima_movilidad', 'transform_data', 'manual__2025-12-14T22:17:49.458350+00:00', '--job-id', '89', '--raw', '--subdir', 'DAGS_FOLDER/Dagetl.py', '--cfg-path', '/tmp/tmps3tzkbte']
[2025-12-14T22:19:00.560+0000] {standard_task_runner.py:91} INFO - Job 89: Subtask transform_data
[2025-12-14T22:19:00.561+0000] {logging_mixin.py:188} WARNING - /home/***/.local/lib/python3.12/site-packages/***/task/task_runner/standard_task_runner.py:61 DeprecationWarning: This process (pid=104) is multi-threaded, use of fork() may lead to deadlocks in the child.
[2025-12-14T22:19:00.561+0000] {standard_task_runner.py:63} INFO - Started process 117 to run task
[2025-12-14T22:19:00.642+0000] {task_command.py:426} INFO - Running <TaskInstance: etl_clima_movilidad.transform_data manual__2025-12-14T22:17:49.458350+00:00 [running]> on host 9e01fd79f663
[2025-12-14T22:19:00.726+0000] {taskinstance.py:2648} INFO - Exporting env vars: AIRFLOW_CTX_DAG_OWNER='matias' AIRFLOW_CTX_DAG_ID='etl_clima_movilidad' AIRFLOW_CTX_TASK_ID='transform_data' AIRFLOW_CTX_EXECUTION_DATE='2025-12-14T22:17:49.458350+00:00' AIRFLOW_CTX_TRY_NUMBER='2' AIRFLOW_CTX_DAG_RUN_ID='manual__2025-12-14T22:17:49.458350+00:00'
[2025-12-14T22:19:00.727+0000] {taskinstance.py:430} INFO - ::endgroup::
[2025-12-14T22:19:00.739+0000] {logging_mixin.py:188} INFO - Iniciando transformación con Pandas...
[2025-12-14T22:19:00.880+0000] {logging_mixin.py:188} INFO - Procesando archivo raw: weather_raw_20251214_221753.json
[2025-12-14T22:19:00.890+0000] {logging_mixin.py:188} INFO - Datos transformados. Filas resultantes: 168
[2025-12-14T22:19:00.903+0000] {taskinstance.py:441} INFO - ::group::Post task execution logs
[2025-12-14T22:19:00.903+0000] {taskinstance.py:2905} ERROR - Task failed with exception
Traceback (most recent call last):
  File "/home/airflow/.local/lib/python3.12/site-packages/airflow/models/taskinstance.py", line 465, in _execute_task
    result = _execute_callable(context=context, **execute_callable_kwargs)
             ^^^^^^^^^^^^^^^^^^^^^^^^^^^^^^^^^^^^^^^^^^^^^^^^^^^^^^^^^^^^^
  File "/home/airflow/.local/lib/python3.12/site-packages/airflow/models/taskinstance.py", line 432, in _execute_callable
    return execute_callable(context=context, **execute_callable_kwargs)
           ^^^^^^^^^^^^^^^^^^^^^^^^^^^^^^^^^^^^^^^^^^^^^^^^^^^^^^^^^^^^
  File "/home/airflow/.local/lib/python3.12/site-packages/airflow/models/baseoperator.py", line 400, in wrapper
    return func(self, *args, **kwargs)
           ^^^^^^^^^^^^^^^^^^^^^^^^^^^
  File "/home/airflow/.local/lib/python3.12/site-packages/airflow/operators/python.py", line 235, in execute
    return_value = self.execute_callable()
                   ^^^^^^^^^^^^^^^^^^^^^^^
  File "/home/airflow/.local/lib/python3.12/site-packages/airflow/operators/python.py", line 252, in execute_callable
    return self.python_callable(*self.op_args, **self.op_kwargs)
           ^^^^^^^^^^^^^^^^^^^^^^^^^^^^^^^^^^^^^^^^^^^^^^^^^^^^^
  File "/opt/airflow/plugins/transform.py", line 63, in transform_data
    s3.put_object(
  File "/home/airflow/.local/lib/python3.12/site-packages/botocore/client.py", line 553, in _api_call
    return self._make_api_call(operation_name, kwargs)
           ^^^^^^^^^^^^^^^^^^^^^^^^^^^^^^^^^^^^^^^^^^^
  File "/home/airflow/.local/lib/python3.12/site-packages/botocore/client.py", line 1009, in _make_api_call
    raise error_class(parsed_response, operation_name)
botocore.errorfactory.NoSuchBucket: An error occurred (NoSuchBucket) when calling the PutObject operation: The specified bucket does not exist
[2025-12-14T22:19:00.920+0000] {taskinstance.py:1206} INFO - Marking task as FAILED. dag_id=etl_clima_movilidad, task_id=transform_data, run_id=manual__2025-12-14T22:17:49.458350+00:00, execution_date=20251214T221749, start_date=20251214T221900, end_date=20251214T221900
[2025-12-14T22:19:00.930+0000] {standard_task_runner.py:110} ERROR - Failed to execute job 89 for task transform_data (An error occurred (NoSuchBucket) when calling the PutObject operation: The specified bucket does not exist; 117)
[2025-12-14T22:19:00.977+0000] {local_task_job_runner.py:240} INFO - Task exited with return code 1
[2025-12-14T22:19:01.002+0000] {taskinstance.py:3498} INFO - 0 downstream tasks scheduled from follow-on schedule check
[2025-12-14T22:19:01.007+0000] {local_task_job_runner.py:222} INFO - ::endgroup::
