[2025-12-14T23:21:08.264+0000] {local_task_job_runner.py:120} INFO - ::group::Pre task execution logs
[2025-12-14T23:21:08.289+0000] {taskinstance.py:2076} INFO - Dependencies all met for dep_context=non-requeueable deps ti=<TaskInstance: etl_clima_movilidad.transform_data manual__2025-12-14T23:21:00.059509+00:00 [queued]>
[2025-12-14T23:21:08.296+0000] {taskinstance.py:2076} INFO - Dependencies all met for dep_context=requeueable deps ti=<TaskInstance: etl_clima_movilidad.transform_data manual__2025-12-14T23:21:00.059509+00:00 [queued]>
[2025-12-14T23:21:08.297+0000] {taskinstance.py:2306} INFO - Starting attempt 1 of 2
[2025-12-14T23:21:08.308+0000] {taskinstance.py:2330} INFO - Executing <Task(PythonOperator): transform_data> on 2025-12-14 23:21:00.059509+00:00
[2025-12-14T23:21:08.318+0000] {standard_task_runner.py:90} INFO - Running: ['***', 'tasks', 'run', 'etl_clima_movilidad', 'transform_data', 'manual__2025-12-14T23:21:00.059509+00:00', '--job-id', '119', '--raw', '--subdir', 'DAGS_FOLDER/Dagetl.py', '--cfg-path', '/tmp/tmpgehn8s_i']
[2025-12-14T23:21:08.322+0000] {standard_task_runner.py:91} INFO - Job 119: Subtask transform_data
[2025-12-14T23:21:08.321+0000] {logging_mixin.py:188} WARNING - /home/***/.local/lib/python3.12/site-packages/***/task/task_runner/standard_task_runner.py:61 DeprecationWarning: This process (pid=49) is multi-threaded, use of fork() may lead to deadlocks in the child.
[2025-12-14T23:21:08.322+0000] {standard_task_runner.py:63} INFO - Started process 62 to run task
[2025-12-14T23:21:08.394+0000] {task_command.py:426} INFO - Running <TaskInstance: etl_clima_movilidad.transform_data manual__2025-12-14T23:21:00.059509+00:00 [running]> on host 2b89330dc68f
[2025-12-14T23:21:08.475+0000] {taskinstance.py:2648} INFO - Exporting env vars: AIRFLOW_CTX_DAG_OWNER='matias' AIRFLOW_CTX_DAG_ID='etl_clima_movilidad' AIRFLOW_CTX_TASK_ID='transform_data' AIRFLOW_CTX_EXECUTION_DATE='2025-12-14T23:21:00.059509+00:00' AIRFLOW_CTX_TRY_NUMBER='1' AIRFLOW_CTX_DAG_RUN_ID='manual__2025-12-14T23:21:00.059509+00:00'
[2025-12-14T23:21:08.475+0000] {taskinstance.py:430} INFO - ::endgroup::
[2025-12-14T23:21:08.486+0000] {logging_mixin.py:188} INFO - === INICIANDO TRANSFORMACIÓN ===
[2025-12-14T23:21:08.611+0000] {logging_mixin.py:188} INFO - Bucket 'processed' encontrado.
[2025-12-14T23:21:08.620+0000] {logging_mixin.py:188} INFO - Procesando archivo: weather_raw_20251214_232105.json
[2025-12-14T23:21:08.631+0000] {logging_mixin.py:188} INFO - Datos listos. Filas: 168
[2025-12-14T23:21:08.649+0000] {logging_mixin.py:188} INFO - ¡ÉXITO! Archivo subido a processed/weather_mobility_processed.csv
[2025-12-14T23:21:08.650+0000] {python.py:237} INFO - Done. Returned value was: None
[2025-12-14T23:21:08.651+0000] {taskinstance.py:441} INFO - ::group::Post task execution logs
[2025-12-14T23:21:08.662+0000] {taskinstance.py:1206} INFO - Marking task as SUCCESS. dag_id=etl_clima_movilidad, task_id=transform_data, run_id=manual__2025-12-14T23:21:00.059509+00:00, execution_date=20251214T232100, start_date=20251214T232108, end_date=20251214T232108
[2025-12-14T23:21:08.697+0000] {local_task_job_runner.py:240} INFO - Task exited with return code 0
[2025-12-14T23:21:08.717+0000] {taskinstance.py:3498} INFO - 1 downstream tasks scheduled from follow-on schedule check
[2025-12-14T23:21:08.720+0000] {local_task_job_runner.py:222} INFO - ::endgroup::
