[2025-12-14T22:36:30.490+0000] {local_task_job_runner.py:120} INFO - ::group::Pre task execution logs
[2025-12-14T22:36:30.514+0000] {taskinstance.py:2076} INFO - Dependencies all met for dep_context=non-requeueable deps ti=<TaskInstance: etl_clima_movilidad.transform_data manual__2025-12-14T22:36:22.231425+00:00 [queued]>
[2025-12-14T22:36:30.519+0000] {taskinstance.py:2076} INFO - Dependencies all met for dep_context=requeueable deps ti=<TaskInstance: etl_clima_movilidad.transform_data manual__2025-12-14T22:36:22.231425+00:00 [queued]>
[2025-12-14T22:36:30.520+0000] {taskinstance.py:2306} INFO - Starting attempt 1 of 2
[2025-12-14T22:36:30.530+0000] {taskinstance.py:2330} INFO - Executing <Task(PythonOperator): transform_data> on 2025-12-14 22:36:22.231425+00:00
[2025-12-14T22:36:30.539+0000] {standard_task_runner.py:90} INFO - Running: ['***', 'tasks', 'run', 'etl_clima_movilidad', 'transform_data', 'manual__2025-12-14T22:36:22.231425+00:00', '--job-id', '100', '--raw', '--subdir', 'DAGS_FOLDER/Dagetl.py', '--cfg-path', '/tmp/tmpzq6ud6iy']
[2025-12-14T22:36:30.543+0000] {standard_task_runner.py:91} INFO - Job 100: Subtask transform_data
[2025-12-14T22:36:30.542+0000] {logging_mixin.py:188} WARNING - /home/***/.local/lib/python3.12/site-packages/***/task/task_runner/standard_task_runner.py:61 DeprecationWarning: This process (pid=110) is multi-threaded, use of fork() may lead to deadlocks in the child.
[2025-12-14T22:36:30.543+0000] {standard_task_runner.py:63} INFO - Started process 123 to run task
[2025-12-14T22:36:30.613+0000] {task_command.py:426} INFO - Running <TaskInstance: etl_clima_movilidad.transform_data manual__2025-12-14T22:36:22.231425+00:00 [running]> on host 1a6a322288ba
[2025-12-14T22:36:30.687+0000] {taskinstance.py:2648} INFO - Exporting env vars: AIRFLOW_CTX_DAG_OWNER='matias' AIRFLOW_CTX_DAG_ID='etl_clima_movilidad' AIRFLOW_CTX_TASK_ID='transform_data' AIRFLOW_CTX_EXECUTION_DATE='2025-12-14T22:36:22.231425+00:00' AIRFLOW_CTX_TRY_NUMBER='1' AIRFLOW_CTX_DAG_RUN_ID='manual__2025-12-14T22:36:22.231425+00:00'
[2025-12-14T22:36:30.687+0000] {taskinstance.py:430} INFO - ::endgroup::
[2025-12-14T22:36:30.698+0000] {logging_mixin.py:188} INFO - === INICIANDO TRANSFORMACIÓN ===
[2025-12-14T22:36:30.826+0000] {logging_mixin.py:188} INFO - Bucket 'processed' encontrado.
[2025-12-14T22:36:30.834+0000] {logging_mixin.py:188} INFO - Procesando archivo: weather_raw_20251214_223626.json
[2025-12-14T22:36:30.843+0000] {logging_mixin.py:188} INFO - Datos listos. Filas: 168
[2025-12-14T22:36:30.860+0000] {logging_mixin.py:188} INFO - ¡ÉXITO! Archivo subido a processed/weather_mobility_processed.csv
[2025-12-14T22:36:30.861+0000] {python.py:237} INFO - Done. Returned value was: None
[2025-12-14T22:36:30.861+0000] {taskinstance.py:441} INFO - ::group::Post task execution logs
[2025-12-14T22:36:30.872+0000] {taskinstance.py:1206} INFO - Marking task as SUCCESS. dag_id=etl_clima_movilidad, task_id=transform_data, run_id=manual__2025-12-14T22:36:22.231425+00:00, execution_date=20251214T223622, start_date=20251214T223630, end_date=20251214T223630
[2025-12-14T22:36:30.918+0000] {local_task_job_runner.py:240} INFO - Task exited with return code 0
[2025-12-14T22:36:30.937+0000] {taskinstance.py:3498} INFO - 1 downstream tasks scheduled from follow-on schedule check
[2025-12-14T22:36:30.940+0000] {local_task_job_runner.py:222} INFO - ::endgroup::
